{"logTime": "0504/071658", "correlationVector":"7PbpRtd1vktnu7lsiRkxhb","action":"Commit Request", "result":"", "context":Item count: 1
Contributing types: Sessions}
{"logTime": "0504/071658", "correlationVector":"7PbpRtd1vktnu7lsiRkxhb.1","action":"SyncServerConnectionManagerRequest", "result":"SYNC_SERVER_OK", "context":{"environment":"Prod_germanywestcentral_prod-s01-011-eur-germanywestcentral", "migrationStage":"NotStarted", "server":"akswtt007000029"}}
{"logTime": "0504/071658", "correlationVector":"7PbpRtd1vktnu7lsiRkxhb.2","action":"Commit Response", "result":"Success", "context":Result: Success. cV=7PbpRtd1vktnu7lsiRkxhb.0;server=akswtt007000029;cloudType=Consumer;environment=Prod_germanywestcentral_prod-s01-011-eur-germanywestcentral;migrationStage=NotStarted}
{"logTime": "0504/071832", "correlationVector":"s203sTMAGejpXqm4yftl8V","action":"Commit Request", "result":"", "context":Item count: 1
Contributing types: Sessions}
{"logTime": "0504/071833", "correlationVector":"s203sTMAGejpXqm4yftl8V.1","action":"SyncServerConnectionManagerRequest", "result":"SYNC_SERVER_OK", "context":{"environment":"Prod_germanywestcentral_prod-s01-011-eur-germanywestcentral", "migrationStage":"NotStarted", "server":"akswtt00700000u"}}
{"logTime": "0504/071833", "correlationVector":"s203sTMAGejpXqm4yftl8V.2","action":"Commit Response", "result":"Success", "context":Result: Success. cV=s203sTMAGejpXqm4yftl8V.0;server=akswtt00700000u;cloudType=Consumer;environment=Prod_germanywestcentral_prod-s01-011-eur-germanywestcentral;migrationStage=NotStarted}
{"logTime": "0504/071941", "correlationVector":"T2lBx+0zSV2ApbfZcgFCmZ","action":"Commit Request", "result":"", "context":Item count: 1
Contributing types: Sessions}
{"logTime": "0504/071941", "correlationVector":"T2lBx+0zSV2ApbfZcgFCmZ.1","action":"SyncServerConnectionManagerRequest", "result":"SYNC_SERVER_OK", "context":{"environment":"Prod_germanywestcentral_prod-s01-011-eur-germanywestcentral", "migrationStage":"NotStarted", "server":"akswtt00700000u"}}
{"logTime": "0504/071941", "correlationVector":"T2lBx+0zSV2ApbfZcgFCmZ.2","action":"Commit Response", "result":"Success", "context":Result: Success. cV=T2lBx+0zSV2ApbfZcgFCmZ.0;server=akswtt00700000u;cloudType=Consumer;environment=Prod_germanywestcentral_prod-s01-011-eur-germanywestcentral;migrationStage=NotStarted}
{"logTime": "0504/072110", "correlationVector":"pTp6BCtYeH7NvGLIUnZfNT","action":"Commit Request", "result":"", "context":Item count: 1
Contributing types: Sessions}
{"logTime": "0504/072110", "correlationVector":"pTp6BCtYeH7NvGLIUnZfNT.1","action":"SyncServerConnectionManagerRequest", "result":"SYNC_SERVER_OK", "context":{"environment":"Prod_germanywestcentral_prod-s01-011-eur-germanywestcentral", "migrationStage":"NotStarted", "server":"akswtt00700001a"}}
{"logTime": "0504/072110", "correlationVector":"pTp6BCtYeH7NvGLIUnZfNT.2","action":"Commit Response", "result":"Success", "context":Result: Success. cV=pTp6BCtYeH7NvGLIUnZfNT.0;server=akswtt00700001a;cloudType=Consumer;environment=Prod_germanywestcentral_prod-s01-011-eur-germanywestcentral;migrationStage=NotStarted}
{"logTime": "0504/072231", "correlationVector":"3La1fj1+xZzSbEAi+86odB","action":"Commit Request", "result":"", "context":Item count: 4
Contributing types: Sessions, History}
{"logTime": "0504/072232", "correlationVector":"3La1fj1+xZzSbEAi+86odB.1","action":"SyncServerConnectionManagerRequest", "result":"SYNC_SERVER_OK", "context":{"environment":"Prod_germanywestcentral_prod-s01-011-eur-germanywestcentral", "migrationStage":"NotStarted", "server":"akswtt00700000u"}}
{"logTime": "0504/072232", "correlationVector":"3La1fj1+xZzSbEAi+86odB.2","action":"Commit Response", "result":"Success", "context":Result: Success. cV=3La1fj1+xZzSbEAi+86odB.0;server=akswtt00700000u;cloudType=Consumer;environment=Prod_germanywestcentral_prod-s01-011-eur-germanywestcentral;migrationStage=NotStarted}
{"logTime": "0504/072336", "correlationVector":"hjjuNQjSV2lXYvKTg0dnZ4","action":"Commit Request", "result":"", "context":Item count: 1
Contributing types: Sessions}
{"logTime": "0504/072336", "correlationVector":"hjjuNQjSV2lXYvKTg0dnZ4.1","action":"SyncServerConnectionManagerRequest", "result":"SYNC_SERVER_OK", "context":{"environment":"Prod_germanywestcentral_prod-s01-011-eur-germanywestcentral", "migrationStage":"NotStarted", "server":"akswtt00700001a"}}
{"logTime": "0504/072336", "correlationVector":"hjjuNQjSV2lXYvKTg0dnZ4.2","action":"Commit Response", "result":"Success", "context":Result: Success. cV=hjjuNQjSV2lXYvKTg0dnZ4.0;server=akswtt00700001a;cloudType=Consumer;environment=Prod_germanywestcentral_prod-s01-011-eur-germanywestcentral;migrationStage=NotStarted}
{"logTime": "0504/073945", "correlationVector":"IdX95OLQbUYyhTFEYv91VJ","action":"Commit Request", "result":"", "context":Item count: 3
Contributing types: Sessions, History}
{"logTime": "0504/073946", "correlationVector":"IdX95OLQbUYyhTFEYv91VJ.1","action":"SyncServerConnectionManagerRequest", "result":"SYNC_SERVER_OK", "context":{"environment":"Prod_germanywestcentral_prod-s01-011-eur-germanywestcentral", "migrationStage":"NotStarted", "server":"akswtt00700001s"}}
{"logTime": "0504/073946", "correlationVector":"IdX95OLQbUYyhTFEYv91VJ.2","action":"Commit Response", "result":"Success", "context":Result: Success. cV=IdX95OLQbUYyhTFEYv91VJ.0;server=akswtt00700001s;cloudType=Consumer;environment=Prod_germanywestcentral_prod-s01-011-eur-germanywestcentral;migrationStage=NotStarted}
{"logTime": "0504/074046", "correlationVector":"fLRO937yMhDG4hppcqR7k3","action":"Commit Request", "result":"", "context":Item count: 1
Contributing types: Sessions}
{"logTime": "0504/074046", "correlationVector":"fLRO937yMhDG4hppcqR7k3.1","action":"SyncServerConnectionManagerRequest", "result":"SYNC_SERVER_OK", "context":{"environment":"Prod_germanywestcentral_prod-s01-011-eur-germanywestcentral", "migrationStage":"NotStarted", "server":"akswtt00700001p"}}
{"logTime": "0504/074046", "correlationVector":"fLRO937yMhDG4hppcqR7k3.2","action":"Commit Response", "result":"Success", "context":Result: Success. cV=fLRO937yMhDG4hppcqR7k3.0;server=akswtt00700001p;cloudType=Consumer;environment=Prod_germanywestcentral_prod-s01-011-eur-germanywestcentral;migrationStage=NotStarted}
{"logTime": "0504/074342", "correlationVector":"uBegGUB7colfkNFAKde8Gh","action":"Commit Request", "result":"", "context":Item count: 1
Contributing types: Sessions}
{"logTime": "0504/074342", "correlationVector":"uBegGUB7colfkNFAKde8Gh.1","action":"SyncServerConnectionManagerRequest", "result":"SYNC_SERVER_OK", "context":{"environment":"Prod_germanywestcentral_prod-s01-011-eur-germanywestcentral", "migrationStage":"NotStarted", "server":"akswtt00700000n"}}
{"logTime": "0504/074342", "correlationVector":"uBegGUB7colfkNFAKde8Gh.2","action":"Commit Response", "result":"Success", "context":Result: Success. cV=uBegGUB7colfkNFAKde8Gh.0;server=akswtt00700000n;cloudType=Consumer;environment=Prod_germanywestcentral_prod-s01-011-eur-germanywestcentral;migrationStage=NotStarted}
{"logTime": "0504/074501", "correlationVector":"gQolbNeiTAlMpDWKyCmwNk","action":"Commit Request", "result":"", "context":Item count: 5
Contributing types: Sessions, History}
{"logTime": "0504/074501", "correlationVector":"gQolbNeiTAlMpDWKyCmwNk.1","action":"SyncServerConnectionManagerRequest", "result":"SYNC_SERVER_OK", "context":{"environment":"Prod_germanywestcentral_prod-s01-011-eur-germanywestcentral", "migrationStage":"NotStarted", "server":"akswtt00700001l"}}
{"logTime": "0504/074501", "correlationVector":"gQolbNeiTAlMpDWKyCmwNk.2","action":"Commit Response", "result":"Success", "context":Result: Success. cV=gQolbNeiTAlMpDWKyCmwNk.0;server=akswtt00700001l;cloudType=Consumer;environment=Prod_germanywestcentral_prod-s01-011-eur-germanywestcentral;migrationStage=NotStarted}
{"logTime": "0504/074705", "correlationVector":"y0NKr9nxUw3TG1wevRcv0s","action":"Commit Request", "result":"", "context":Item count: 4
Contributing types: Sessions, History}
{"logTime": "0504/074705", "correlationVector":"y0NKr9nxUw3TG1wevRcv0s.1","action":"SyncServerConnectionManagerRequest", "result":"SYNC_SERVER_OK", "context":{"environment":"Prod_germanywestcentral_prod-s01-011-eur-germanywestcentral", "migrationStage":"NotStarted", "server":"akswtt007000004"}}
{"logTime": "0504/074705", "correlationVector":"y0NKr9nxUw3TG1wevRcv0s.2","action":"Commit Response", "result":"Success", "context":Result: Success. cV=y0NKr9nxUw3TG1wevRcv0s.0;server=akswtt007000004;cloudType=Consumer;environment=Prod_germanywestcentral_prod-s01-011-eur-germanywestcentral;migrationStage=NotStarted}
{"logTime": "0504/075301", "correlationVector":"RHixuCOe8tM2Xg1xh7ev8n","action":"Commit Request", "result":"", "context":Item count: 4
Contributing types: Sessions, History}
{"logTime": "0504/075301", "correlationVector":"RHixuCOe8tM2Xg1xh7ev8n.1","action":"SyncServerConnectionManagerRequest", "result":"SYNC_SERVER_OK", "context":{"environment":"Prod_germanywestcentral_prod-s01-011-eur-germanywestcentral", "migrationStage":"NotStarted", "server":"akswtt007000026"}}
{"logTime": "0504/075301", "correlationVector":"RHixuCOe8tM2Xg1xh7ev8n.2","action":"Commit Response", "result":"Success", "context":Result: Success. cV=RHixuCOe8tM2Xg1xh7ev8n.0;server=akswtt007000026;cloudType=Consumer;environment=Prod_germanywestcentral_prod-s01-011-eur-germanywestcentral;migrationStage=NotStarted}
{"logTime": "0504/075445", "correlationVector":"G8NUuXSMuuhc2JBGdWZrQN","action":"Commit Request", "result":"", "context":Item count: 3
Contributing types: Sessions, History}
{"logTime": "0504/075445", "correlationVector":"G8NUuXSMuuhc2JBGdWZrQN.1","action":"SyncServerConnectionManagerRequest", "result":"SYNC_SERVER_OK", "context":{"environment":"Prod_germanywestcentral_prod-s01-011-eur-germanywestcentral", "migrationStage":"NotStarted", "server":"akswtt00700001p"}}
{"logTime": "0504/075445", "correlationVector":"G8NUuXSMuuhc2JBGdWZrQN.2","action":"Commit Response", "result":"Success", "context":Result: Success. cV=G8NUuXSMuuhc2JBGdWZrQN.0;server=akswtt00700001p;cloudType=Consumer;environment=Prod_germanywestcentral_prod-s01-011-eur-germanywestcentral;migrationStage=NotStarted}
{"logTime": "0504/075606", "correlationVector":"zrw1N1UDTqcocqQ63xN1q1","action":"Commit Request", "result":"", "context":Item count: 6
Contributing types: Sessions, History}
{"logTime": "0504/075606", "correlationVector":"zrw1N1UDTqcocqQ63xN1q1.1","action":"SyncServerConnectionManagerRequest", "result":"SYNC_SERVER_OK", "context":{"environment":"Prod_germanywestcentral_prod-s01-011-eur-germanywestcentral", "migrationStage":"NotStarted", "server":"akswtt007000022"}}
{"logTime": "0504/075606", "correlationVector":"zrw1N1UDTqcocqQ63xN1q1.2","action":"Commit Response", "result":"Success", "context":Result: Success. cV=zrw1N1UDTqcocqQ63xN1q1.0;server=akswtt007000022;cloudType=Consumer;environment=Prod_germanywestcentral_prod-s01-011-eur-germanywestcentral;migrationStage=NotStarted}
{"logTime": "0504/075715", "correlationVector":"1bI4yi6GeP3xba+O47W87X","action":"Commit Request", "result":"", "context":Item count: 6
Contributing types: Sessions, History}
{"logTime": "0504/075715", "correlationVector":"1bI4yi6GeP3xba+O47W87X.1","action":"SyncServerConnectionManagerRequest", "result":"SYNC_SERVER_OK", "context":{"environment":"Prod_germanywestcentral_prod-s01-011-eur-germanywestcentral", "migrationStage":"NotStarted", "server":"akswtt00700002b"}}
{"logTime": "0504/075715", "correlationVector":"1bI4yi6GeP3xba+O47W87X.2","action":"Commit Response", "result":"Success", "context":Result: Success. cV=1bI4yi6GeP3xba+O47W87X.0;server=akswtt00700002b;cloudType=Consumer;environment=Prod_germanywestcentral_prod-s01-011-eur-germanywestcentral;migrationStage=NotStarted}
{"logTime": "0504/101906", "correlationVector":"jQZCmul80Jjye7rdolSIIb.1","action":"SyncServerConnectionManagerRequest", "result":"SYNC_SERVER_OK", "context":{"environment":"Prod_germanywestcentral_prod-s01-011-eur-germanywestcentral", "migrationStage":"NotStarted", "server":"akswtt007000002"}}
{"logTime": "0504/101906", "correlationVector":"jQZCmul80Jjye7rdolSIIb.2","action":"ProcessGetUpdates", "result":"Done", "context":{"dataType":"Encryption Keys", "deleted":"0", "process_failed_to_decrypt":"0", "process_pending_decryption":"0", "process_success":"1", "total":"1"}}
{"logTime": "0504/101907", "correlationVector":"EqkMU1ViGK/C+61R4jk7ws","action":"SyncServerConnectionManagerRequest", "result":"SYNC_SERVER_OK", "context":{"environment":"", "migrationStage":"", "server":""}}
{"logTime": "0504/101907", "correlationVector":"EqkMU1ViGK/C+61R4jk7ws.0","action":"EncryptionKeysFetcher.DownloadKeys:", "result":"Success", "context":Key count: 6, Last key timestamp: 2025-03-18T10:45:38Z}
{"logTime": "0504/101907", "correlationVector":"EqkMU1ViGK/C+61R4jk7ws.1","action":"EncryptionKeysManager::SetEncryptionKeys:", "result":"Success", "context":Key names[6]:[MfBSp8awYIaYsG6e2rrI9sUCAZSsE4atBgxq9HBrYOqM6cDs1Gilj81fKv2g+c/ff2YIKRHcLHARNir2fLBBYA==][ch7fl6THU0TgbU/2yKkPed7qZIsGdOCM0AYisKO8ohO6XVsNZmruZIvCtAP+NWWD6aT9kQfocOz7bQ3lOm+r2g==][limXjDRLr6fEF2jl9Mt6pdNfxdhh6TAW5ONcCQpGb7Ko5EYQD7Ysjtsgk82p8DaSook2wc9g1JwFIRDaa5VSig==][WjVjicWFSVf3pkq0Bcxz9qTe9PEArwZljs0na5y3QybdFjLUEEQztiJ58NLMuMVA99TzG1datT/u9EVOA+Hlng==][NQa7l500CEELgUpepAuo0cO6ByJMgicwhVage2c8xg9fcGtkJX7fMCYXOsCfvg7AhJM5FXN9j413KJTpxjUivg==][thGiU1seuWQKCRN0cVhXIumw4pYohPWJ6+g/YcqvWkfad9HAS+XWAoTohsMwBQxf50y1W55WJJv4cRwJHkoZlw==]}
{"logTime": "0504/101907", "correlationVector":"EqkMU1ViGK/C+61R4jk7ws.2","action":"EncryptionKeysManager::SetEncryptionKeysWithTimestamps:", "result":"Success", "context":Key timestamps[6]:[2022-09-05T14:13:39Z][2022-10-17T11:14:57Z][2023-04-16T11:20:48Z][2024-01-03T18:16:31Z][2024-09-18T16:35:10Z][2025-03-18T10:45:38Z]}
{"logTime": "0504/101907", "correlationVector":"jQZCmul80Jjye7rdolSIIb","action":"Initial GetUpdates", "result":"", "context":Reason: NEW_CLIENT. cV=jQZCmul80Jjye7rdolSIIb}
{"logTime": "0504/101907", "correlationVector":"jQZCmul80Jjye7rdolSIIb.3","action":"GetUpdates Response", "result":"Success", "context":Received 1 update(s). cV=jQZCmul80Jjye7rdolSIIb.0;server=akswtt007000002;cloudType=Consumer;environment=Prod_germanywestcentral_prod-s01-011-eur-germanywestcentral;migrationStage=NotStarted}
{"logTime": "0504/101907", "correlationVector":"2ZK5LkkQdmOnmABQw8X51P","action":"Initial GetUpdates", "result":"", "context":Reason: NEWLY_SUPPORTED_DATATYPE. cV=2ZK5LkkQdmOnmABQw8X51P}
{"logTime": "0504/101907", "correlationVector":"2ZK5LkkQdmOnmABQw8X51P.1","action":"SyncServerConnectionManagerRequest", "result":"SYNC_SERVER_OK", "context":{"environment":"Prod_germanywestcentral_prod-s01-011-eur-germanywestcentral", "migrationStage":"NotStarted", "server":"akswtt007000008"}}
{"logTime": "0504/101907", "correlationVector":"2ZK5LkkQdmOnmABQw8X51P.2","action":"ProcessGetUpdates", "result":"Done", "context":{"dataType":"Passwords", "deleted":"0", "process_failed_to_decrypt":"0", "process_pending_decryption":"0", "process_success":"4", "total":"4"}}
{"logTime": "0504/101907", "correlationVector":"2ZK5LkkQdmOnmABQw8X51P.3","action":"GetUpdates Response", "result":"Success", "context":Received 4 update(s). cV=2ZK5LkkQdmOnmABQw8X51P.0;server=akswtt007000008;cloudType=Consumer;environment=Prod_germanywestcentral_prod-s01-011-eur-germanywestcentral;migrationStage=NotStarted}
{"logTime": "0504/101907", "correlationVector":"/Wli0Kx75fluaIiLKCxOq8","action":"Normal GetUpdate request", "result":"", "context":cV=/Wli0Kx75fluaIiLKCxOq8
Nudged types: Sessions, Device Info, History
Refresh requested types: Bookmarks, Preferences, Passwords, Autofill Profiles, Autofill, Extensions, Sessions, Extension settings, History Delete Directives, Device Info, User Consents, Send Tab To Self, Web Apps, History, Saved Tab Group, Collection, Edge E Drop, Edge Hub App Usage, Edge Tab Group, Edge Wallet, Encryption Keys}
{"logTime": "0504/101907", "correlationVector":"/Wli0Kx75fluaIiLKCxOq8.1","action":"SyncServerConnectionManagerRequest", "result":"SYNC_SERVER_OK", "context":{"environment":"Prod_germanywestcentral_prod-s01-011-eur-germanywestcentral", "migrationStage":"NotStarted", "server":"akswtt007000002"}}
{"logTime": "0504/101907", "correlationVector":"/Wli0Kx75fluaIiLKCxOq8.2","action":"ProcessGetUpdates", "result":"Done", "context":{"dataType":"Preferences", "deleted":"0", "process_failed_to_decrypt":"0", "process_pending_decryption":"0", "process_success":"1", "total":"1"}}
{"logTime": "0504/101907", "correlationVector":"/Wli0Kx75fluaIiLKCxOq8.3","action":"ProcessGetUpdates", "result":"Done", "context":{"dataType":"Sessions", "deleted":"0", "process_failed_to_decrypt":"0", "process_pending_decryption":"0", "process_success":"2", "total":"2"}}
{"logTime": "0504/101907", "correlationVector":"/Wli0Kx75fluaIiLKCxOq8.4","action":"ProcessGetUpdates", "result":"Done", "context":{"dataType":"Device Info", "deleted":"0", "process_failed_to_decrypt":"0", "process_pending_decryption":"0", "process_success":"1", "total":"1"}}
{"logTime": "0504/101907", "correlationVector":"/Wli0Kx75fluaIiLKCxOq8.5","action":"ProcessGetUpdates", "result":"Done", "context":{"dataType":"History", "deleted":"0", "process_failed_to_decrypt":"0", "process_pending_decryption":"0", "process_success":"19", "total":"19"}}
{"logTime": "0504/101907", "correlationVector":"/Wli0Kx75fluaIiLKCxOq8.6","action":"GetUpdates Response", "result":"Success", "context":Received 23 update(s). cV=/Wli0Kx75fluaIiLKCxOq8.0;server=akswtt007000002;cloudType=Consumer;environment=Prod_germanywestcentral_prod-s01-011-eur-germanywestcentral;migrationStage=NotStarted}
{"logTime": "0504/101908", "correlationVector":"HN4n8nw4+VXI1lTNpli/uK","action":"Commit Request", "result":"", "context":Item count: 4
Contributing types: Sessions, Device Info, History}
{"logTime": "0504/101908", "correlationVector":"HN4n8nw4+VXI1lTNpli/uK.1","action":"SyncServerConnectionManagerRequest", "result":"SYNC_SERVER_OK", "context":{"environment":"Prod_germanywestcentral_prod-s01-011-eur-germanywestcentral", "migrationStage":"NotStarted", "server":"akswtt007000029"}}
{"logTime": "0504/101908", "correlationVector":"HN4n8nw4+VXI1lTNpli/uK.2","action":"Commit Response", "result":"Success", "context":Result: Success. cV=HN4n8nw4+VXI1lTNpli/uK.0;server=akswtt007000029;cloudType=Consumer;environment=Prod_germanywestcentral_prod-s01-011-eur-germanywestcentral;migrationStage=NotStarted}
{"logTime": "0504/101908", "correlationVector":"NcFAIk5XTLA/tEwj3I0oSo","action":"Commit Request", "result":"", "context":Item count: 4
Contributing types: Preferences, Passwords}
{"logTime": "0504/101908", "correlationVector":"NcFAIk5XTLA/tEwj3I0oSo.1","action":"SyncServerConnectionManagerRequest", "result":"SYNC_SERVER_OK", "context":{"environment":"Prod_germanywestcentral_prod-s01-011-eur-germanywestcentral", "migrationStage":"NotStarted", "server":"akswtt007000008"}}
{"logTime": "0504/101908", "correlationVector":"NcFAIk5XTLA/tEwj3I0oSo.2","action":"Commit Response", "result":"Success", "context":Result: Success. cV=NcFAIk5XTLA/tEwj3I0oSo.0;server=akswtt007000008;cloudType=Consumer;environment=Prod_germanywestcentral_prod-s01-011-eur-germanywestcentral;migrationStage=NotStarted}
{"logTime": "0504/102010", "correlationVector":"XzBBHAG6aOSWOWerPHtVZO","action":"Commit Request", "result":"", "context":Item count: 4
Contributing types: Sessions, History}
{"logTime": "0504/102010", "correlationVector":"XzBBHAG6aOSWOWerPHtVZO.1","action":"SyncServerConnectionManagerRequest", "result":"SYNC_SERVER_OK", "context":{"environment":"Prod_germanywestcentral_prod-s01-010-eur-germanywestcentral", "migrationStage":"NotStarted", "server":"akswtt00700000q"}}
{"logTime": "0504/102010", "correlationVector":"XzBBHAG6aOSWOWerPHtVZO.2","action":"Commit Response", "result":"Success", "context":Result: Success. cV=XzBBHAG6aOSWOWerPHtVZO.0;server=akswtt00700000q;cloudType=Consumer;environment=Prod_germanywestcentral_prod-s01-010-eur-germanywestcentral;migrationStage=NotStarted}
{"logTime": "0504/102300", "correlationVector":"5uL76MEMfVcWYwmAcTqzYC","action":"Commit Request", "result":"", "context":Item count: 4
Contributing types: Sessions, History}
{"logTime": "0504/102301", "correlationVector":"5uL76MEMfVcWYwmAcTqzYC.1","action":"SyncServerConnectionManagerRequest", "result":"SYNC_SERVER_OK", "context":{"environment":"Prod_germanywestcentral_prod-s01-011-eur-germanywestcentral", "migrationStage":"NotStarted", "server":"akswtt00700000t"}}
{"logTime": "0504/102301", "correlationVector":"5uL76MEMfVcWYwmAcTqzYC.2","action":"Commit Response", "result":"Success", "context":Result: Success. cV=5uL76MEMfVcWYwmAcTqzYC.0;server=akswtt00700000t;cloudType=Consumer;environment=Prod_germanywestcentral_prod-s01-011-eur-germanywestcentral;migrationStage=NotStarted}
{"logTime": "0504/102506", "correlationVector":"lpPOc5B5Wnl9VRji3wgyAM","action":"Commit Request", "result":"", "context":Item count: 10
Contributing types: Sessions, History}
{"logTime": "0504/102507", "correlationVector":"lpPOc5B5Wnl9VRji3wgyAM.1","action":"SyncServerConnectionManagerRequest", "result":"SYNC_SERVER_OK", "context":{"environment":"Prod_germanywestcentral_prod-s01-010-eur-germanywestcentral", "migrationStage":"NotStarted", "server":"akswtt00700001p"}}
{"logTime": "0504/102507", "correlationVector":"lpPOc5B5Wnl9VRji3wgyAM.2","action":"Commit Response", "result":"Success", "context":Result: Success. cV=lpPOc5B5Wnl9VRji3wgyAM.0;server=akswtt00700001p;cloudType=Consumer;environment=Prod_germanywestcentral_prod-s01-010-eur-germanywestcentral;migrationStage=NotStarted}
{"logTime": "0504/102740", "correlationVector":"esEOKO2gs/GvxYE80J1QVY.1","action":"SyncServerConnectionManagerRequest", "result":"SYNC_SERVER_OK", "context":{"environment":"Prod_germanywestcentral_prod-s01-011-eur-germanywestcentral", "migrationStage":"NotStarted", "server":"akswtt007000004"}}
{"logTime": "0504/102740", "correlationVector":"esEOKO2gs/GvxYE80J1QVY.2","action":"ProcessGetUpdates", "result":"Done", "context":{"dataType":"Encryption Keys", "deleted":"0", "process_failed_to_decrypt":"0", "process_pending_decryption":"0", "process_success":"1", "total":"1"}}
{"logTime": "0504/102741", "correlationVector":"+hiaibjiKKE2CVBvmJGIr8","action":"SyncServerConnectionManagerRequest", "result":"SYNC_SERVER_OK", "context":{"environment":"", "migrationStage":"", "server":""}}
{"logTime": "0504/102741", "correlationVector":"+hiaibjiKKE2CVBvmJGIr8.0","action":"EncryptionKeysFetcher.DownloadKeys:", "result":"Success", "context":Key count: 6, Last key timestamp: 2025-03-18T10:45:38Z}
{"logTime": "0504/102741", "correlationVector":"+hiaibjiKKE2CVBvmJGIr8.1","action":"EncryptionKeysManager::SetEncryptionKeys:", "result":"Success", "context":Key names[6]:[MfBSp8awYIaYsG6e2rrI9sUCAZSsE4atBgxq9HBrYOqM6cDs1Gilj81fKv2g+c/ff2YIKRHcLHARNir2fLBBYA==][ch7fl6THU0TgbU/2yKkPed7qZIsGdOCM0AYisKO8ohO6XVsNZmruZIvCtAP+NWWD6aT9kQfocOz7bQ3lOm+r2g==][limXjDRLr6fEF2jl9Mt6pdNfxdhh6TAW5ONcCQpGb7Ko5EYQD7Ysjtsgk82p8DaSook2wc9g1JwFIRDaa5VSig==][WjVjicWFSVf3pkq0Bcxz9qTe9PEArwZljs0na5y3QybdFjLUEEQztiJ58NLMuMVA99TzG1datT/u9EVOA+Hlng==][NQa7l500CEELgUpepAuo0cO6ByJMgicwhVage2c8xg9fcGtkJX7fMCYXOsCfvg7AhJM5FXN9j413KJTpxjUivg==][thGiU1seuWQKCRN0cVhXIumw4pYohPWJ6+g/YcqvWkfad9HAS+XWAoTohsMwBQxf50y1W55WJJv4cRwJHkoZlw==]}
{"logTime": "0504/102741", "correlationVector":"+hiaibjiKKE2CVBvmJGIr8.2","action":"EncryptionKeysManager::SetEncryptionKeysWithTimestamps:", "result":"Success", "context":Key timestamps[6]:[2022-09-05T14:13:39Z][2022-10-17T11:14:57Z][2023-04-16T11:20:48Z][2024-01-03T18:16:31Z][2024-09-18T16:35:10Z][2025-03-18T10:45:38Z]}
{"logTime": "0504/102741", "correlationVector":"esEOKO2gs/GvxYE80J1QVY","action":"Initial GetUpdates", "result":"", "context":Reason: NEW_CLIENT. cV=esEOKO2gs/GvxYE80J1QVY}
{"logTime": "0504/102741", "correlationVector":"esEOKO2gs/GvxYE80J1QVY.3","action":"GetUpdates Response", "result":"Success", "context":Received 1 update(s). cV=esEOKO2gs/GvxYE80J1QVY.0;server=akswtt007000004;cloudType=Consumer;environment=Prod_germanywestcentral_prod-s01-011-eur-germanywestcentral;migrationStage=NotStarted}
{"logTime": "0504/102741", "correlationVector":"+iWvDm//GdV2jKTuHq7J4Q","action":"Initial GetUpdates", "result":"", "context":Reason: NEWLY_SUPPORTED_DATATYPE. cV=+iWvDm//GdV2jKTuHq7J4Q}
{"logTime": "0504/102741", "correlationVector":"+iWvDm//GdV2jKTuHq7J4Q.1","action":"SyncServerConnectionManagerRequest", "result":"SYNC_SERVER_OK", "context":{"environment":"Prod_germanywestcentral_prod-s01-011-eur-germanywestcentral", "migrationStage":"NotStarted", "server":"akswtt007000024"}}
{"logTime": "0504/102741", "correlationVector":"+iWvDm//GdV2jKTuHq7J4Q.2","action":"ProcessGetUpdates", "result":"Done", "context":{"dataType":"Passwords", "deleted":"0", "process_failed_to_decrypt":"0", "process_pending_decryption":"0", "process_success":"4", "total":"4"}}
{"logTime": "0504/102741", "correlationVector":"+iWvDm//GdV2jKTuHq7J4Q.3","action":"GetUpdates Response", "result":"Success", "context":Received 4 update(s). cV=+iWvDm//GdV2jKTuHq7J4Q.0;server=akswtt007000024;cloudType=Consumer;environment=Prod_germanywestcentral_prod-s01-011-eur-germanywestcentral;migrationStage=NotStarted}
{"logTime": "0504/102741", "correlationVector":"pI11KQXmEpkReUvpuOO8Lu","action":"Normal GetUpdate request", "result":"", "context":cV=pI11KQXmEpkReUvpuOO8Lu
Nudged types: Sessions, Device Info, History
Refresh requested types: Bookmarks, Preferences, Passwords, Autofill Profiles, Autofill, Extensions, Sessions, Extension settings, History Delete Directives, Device Info, User Consents, Send Tab To Self, Web Apps, History, Saved Tab Group, Collection, Edge E Drop, Edge Hub App Usage, Edge Tab Group, Edge Wallet, Encryption Keys}
{"logTime": "0504/102741", "correlationVector":"pI11KQXmEpkReUvpuOO8Lu.1","action":"SyncServerConnectionManagerRequest", "result":"SYNC_SERVER_OK", "context":{"environment":"Prod_germanywestcentral_prod-s01-011-eur-germanywestcentral", "migrationStage":"NotStarted", "server":"akswtt00700000r"}}
{"logTime": "0504/102741", "correlationVector":"pI11KQXmEpkReUvpuOO8Lu.2","action":"ProcessGetUpdates", "result":"Done", "context":{"dataType":"Preferences", "deleted":"0", "process_failed_to_decrypt":"0", "process_pending_decryption":"0", "process_success":"1", "total":"1"}}
{"logTime": "0504/102741", "correlationVector":"pI11KQXmEpkReUvpuOO8Lu.3","action":"ProcessGetUpdates", "result":"Done", "context":{"dataType":"Sessions", "deleted":"0", "process_failed_to_decrypt":"0", "process_pending_decryption":"0", "process_success":"2", "total":"2"}}
{"logTime": "0504/102741", "correlationVector":"pI11KQXmEpkReUvpuOO8Lu.4","action":"ProcessGetUpdates", "result":"Done", "context":{"dataType":"Device Info", "deleted":"0", "process_failed_to_decrypt":"0", "process_pending_decryption":"0", "process_success":"1", "total":"1"}}
{"logTime": "0504/102741", "correlationVector":"pI11KQXmEpkReUvpuOO8Lu.5","action":"ProcessGetUpdates", "result":"Done", "context":{"dataType":"History", "deleted":"0", "process_failed_to_decrypt":"0", "process_pending_decryption":"0", "process_success":"12", "total":"12"}}
{"logTime": "0504/102741", "correlationVector":"pI11KQXmEpkReUvpuOO8Lu.6","action":"GetUpdates Response", "result":"Success", "context":Received 16 update(s). cV=pI11KQXmEpkReUvpuOO8Lu.0;server=akswtt00700000r;cloudType=Consumer;environment=Prod_germanywestcentral_prod-s01-011-eur-germanywestcentral;migrationStage=NotStarted}
{"logTime": "0504/102741", "correlationVector":"OFko4QCMKTaNeidbQXhZvd","action":"Commit Request", "result":"", "context":Item count: 5
Contributing types: Sessions, Device Info, History}
{"logTime": "0504/102742", "correlationVector":"OFko4QCMKTaNeidbQXhZvd.1","action":"SyncServerConnectionManagerRequest", "result":"SYNC_SERVER_OK", "context":{"environment":"Prod_germanywestcentral_prod-s01-011-eur-germanywestcentral", "migrationStage":"NotStarted", "server":"akswtt007000004"}}
{"logTime": "0504/102742", "correlationVector":"OFko4QCMKTaNeidbQXhZvd.3","action":"Commit.Sessions", "result":"Success", "context":{"id":"aabef2fd-a0d0-43ca-88be-7ad21bc81331", "isDeleted":"true", "size":"0", "version":"1746354306996"}}
{"logTime": "0504/102742", "correlationVector":"OFko4QCMKTaNeidbQXhZvd.2","action":"Commit Response", "result":"Success", "context":Result: Success. cV=OFko4QCMKTaNeidbQXhZvd.0;server=akswtt007000004;cloudType=Consumer;environment=Prod_germanywestcentral_prod-s01-011-eur-germanywestcentral;migrationStage=NotStarted}
{"logTime": "0504/102742", "correlationVector":"08eQUNe2RPzX+fqYoz66jz","action":"Commit Request", "result":"", "context":Item count: 4
Contributing types: Preferences, Passwords}
{"logTime": "0504/102742", "correlationVector":"08eQUNe2RPzX+fqYoz66jz.1","action":"SyncServerConnectionManagerRequest", "result":"SYNC_SERVER_OK", "context":{"environment":"Prod_germanywestcentral_prod-s01-011-eur-germanywestcentral", "migrationStage":"NotStarted", "server":"akswtt007000001"}}
{"logTime": "0504/102742", "correlationVector":"08eQUNe2RPzX+fqYoz66jz.2","action":"Commit Response", "result":"Success", "context":Result: Success. cV=08eQUNe2RPzX+fqYoz66jz.0;server=akswtt007000001;cloudType=Consumer;environment=Prod_germanywestcentral_prod-s01-011-eur-germanywestcentral;migrationStage=NotStarted}
{"logTime": "0504/102845", "correlationVector":"lehklQyFHtuhIVvh8cfZ4e","action":"Commit Request", "result":"", "context":Item count: 3
Contributing types: Sessions, History}
{"logTime": "0504/102846", "correlationVector":"lehklQyFHtuhIVvh8cfZ4e.1","action":"SyncServerConnectionManagerRequest", "result":"SYNC_SERVER_OK", "context":{"environment":"Prod_germanywestcentral_prod-s01-011-eur-germanywestcentral", "migrationStage":"NotStarted", "server":"akswtt007000015"}}
{"logTime": "0504/102846", "correlationVector":"lehklQyFHtuhIVvh8cfZ4e.2","action":"Commit Response", "result":"Success", "context":Result: Success. cV=lehklQyFHtuhIVvh8cfZ4e.0;server=akswtt007000015;cloudType=Consumer;environment=Prod_germanywestcentral_prod-s01-011-eur-germanywestcentral;migrationStage=NotStarted}
{"logTime": "0504/103051", "correlationVector":"fQxp/Zl1JQuVLJOHvV40s1","action":"Commit Request", "result":"", "context":Item count: 1
Contributing types: Sessions}
{"logTime": "0504/103051", "correlationVector":"fQxp/Zl1JQuVLJOHvV40s1.1","action":"SyncServerConnectionManagerRequest", "result":"SYNC_SERVER_OK", "context":{"environment":"Prod_germanywestcentral_prod-s01-011-eur-germanywestcentral", "migrationStage":"NotStarted", "server":"akswtt00700001q"}}
{"logTime": "0504/103051", "correlationVector":"fQxp/Zl1JQuVLJOHvV40s1.2","action":"Commit Response", "result":"Success", "context":Result: Success. cV=fQxp/Zl1JQuVLJOHvV40s1.0;server=akswtt00700001q;cloudType=Consumer;environment=Prod_germanywestcentral_prod-s01-011-eur-germanywestcentral;migrationStage=NotStarted}
{"logTime": "0504/103233", "correlationVector":"E2F40Ly0F9rKddKQvT+H2M","action":"Commit Request", "result":"", "context":Item count: 1
Contributing types: Sessions}
{"logTime": "0504/103233", "correlationVector":"E2F40Ly0F9rKddKQvT+H2M.1","action":"SyncServerConnectionManagerRequest", "result":"SYNC_SERVER_OK", "context":{"environment":"Prod_germanywestcentral_prod-s01-011-eur-germanywestcentral", "migrationStage":"NotStarted", "server":"akswtt00700001q"}}
{"logTime": "0504/103233", "correlationVector":"E2F40Ly0F9rKddKQvT+H2M.2","action":"Commit Response", "result":"Success", "context":Result: Success. cV=E2F40Ly0F9rKddKQvT+H2M.0;server=akswtt00700001q;cloudType=Consumer;environment=Prod_germanywestcentral_prod-s01-011-eur-germanywestcentral;migrationStage=NotStarted}
{"logTime": "0504/103342", "correlationVector":"Y0ElYtPUmQOCBaeBNxKdLa","action":"Commit Request", "result":"", "context":Item count: 4
Contributing types: Sessions, History}
{"logTime": "0504/103342", "correlationVector":"Y0ElYtPUmQOCBaeBNxKdLa.1","action":"SyncServerConnectionManagerRequest", "result":"SYNC_SERVER_OK", "context":{"environment":"Prod_germanywestcentral_prod-s01-011-eur-germanywestcentral", "migrationStage":"NotStarted", "server":"akswtt00700000r"}}
{"logTime": "0504/103342", "correlationVector":"Y0ElYtPUmQOCBaeBNxKdLa.2","action":"Commit Response", "result":"Success", "context":Result: Success. cV=Y0ElYtPUmQOCBaeBNxKdLa.0;server=akswtt00700000r;cloudType=Consumer;environment=Prod_germanywestcentral_prod-s01-011-eur-germanywestcentral;migrationStage=NotStarted}
{"logTime": "0504/104041", "correlationVector":"N1OhZ6GHz4lsAX8Ps/x5QH","action":"Commit Request", "result":"", "context":Item count: 4
Contributing types: Sessions, History}
{"logTime": "0504/104042", "correlationVector":"N1OhZ6GHz4lsAX8Ps/x5QH.1","action":"SyncServerConnectionManagerRequest", "result":"SYNC_SERVER_OK", "context":{"environment":"Prod_germanywestcentral_prod-s01-010-eur-germanywestcentral", "migrationStage":"NotStarted", "server":"akswtt00700000i"}}
{"logTime": "0504/104042", "correlationVector":"N1OhZ6GHz4lsAX8Ps/x5QH.2","action":"Commit Response", "result":"Success", "context":Result: Success. cV=N1OhZ6GHz4lsAX8Ps/x5QH.0;server=akswtt00700000i;cloudType=Consumer;environment=Prod_germanywestcentral_prod-s01-010-eur-germanywestcentral;migrationStage=NotStarted}
{"logTime": "0504/104329", "correlationVector":"4Oio5VG3ab1wzAPGM8/Fw6","action":"Commit Request", "result":"", "context":Item count: 1
Contributing types: Sessions}
{"logTime": "0504/104329", "correlationVector":"4Oio5VG3ab1wzAPGM8/Fw6.1","action":"SyncServerConnectionManagerRequest", "result":"SYNC_SERVER_OK", "context":{"environment":"Prod_germanywestcentral_prod-s01-011-eur-germanywestcentral", "migrationStage":"NotStarted", "server":"akswtt007000023"}}
{"logTime": "0504/104329", "correlationVector":"4Oio5VG3ab1wzAPGM8/Fw6.2","action":"Commit Response", "result":"Success", "context":Result: Success. cV=4Oio5VG3ab1wzAPGM8/Fw6.0;server=akswtt007000023;cloudType=Consumer;environment=Prod_germanywestcentral_prod-s01-011-eur-germanywestcentral;migrationStage=NotStarted}
{"logTime": "0504/104545", "correlationVector":"pq8rtNRMUEylzXPRqdqmwU","action":"Commit Request", "result":"", "context":Item count: 1
Contributing types: Sessions}
{"logTime": "0504/104545", "correlationVector":"pq8rtNRMUEylzXPRqdqmwU.1","action":"SyncServerConnectionManagerRequest", "result":"SYNC_SERVER_OK", "context":{"environment":"Prod_germanywestcentral_prod-s01-011-eur-germanywestcentral", "migrationStage":"NotStarted", "server":"akswtt007000022"}}
{"logTime": "0504/104545", "correlationVector":"pq8rtNRMUEylzXPRqdqmwU.2","action":"Commit Response", "result":"Success", "context":Result: Success. cV=pq8rtNRMUEylzXPRqdqmwU.0;server=akswtt007000022;cloudType=Consumer;environment=Prod_germanywestcentral_prod-s01-011-eur-germanywestcentral;migrationStage=NotStarted}
{"logTime": "0504/104737", "correlationVector":"AQA/LsXs7TkPqigykb7tY1","action":"Commit Request", "result":"", "context":Item count: 1
Contributing types: Sessions}
{"logTime": "0504/104737", "correlationVector":"AQA/LsXs7TkPqigykb7tY1.1","action":"SyncServerConnectionManagerRequest", "result":"SYNC_SERVER_OK", "context":{"environment":"Prod_germanywestcentral_prod-s01-011-eur-germanywestcentral", "migrationStage":"NotStarted", "server":"akswtt00700001q"}}
{"logTime": "0504/104737", "correlationVector":"AQA/LsXs7TkPqigykb7tY1.2","action":"Commit Response", "result":"Success", "context":Result: Success. cV=AQA/LsXs7TkPqigykb7tY1.0;server=akswtt00700001q;cloudType=Consumer;environment=Prod_germanywestcentral_prod-s01-011-eur-germanywestcentral;migrationStage=NotStarted}
{"logTime": "0504/105107", "correlationVector":"9VX4sbCfURYZsHy9Y4WxPM","action":"Commit Request", "result":"", "context":Item count: 1
Contributing types: Sessions}
{"logTime": "0504/105107", "correlationVector":"9VX4sbCfURYZsHy9Y4WxPM.1","action":"SyncServerConnectionManagerRequest", "result":"SYNC_SERVER_OK", "context":{"environment":"Prod_germanywestcentral_prod-s01-011-eur-germanywestcentral", "migrationStage":"NotStarted", "server":"akswtt007000003"}}
{"logTime": "0504/105107", "correlationVector":"9VX4sbCfURYZsHy9Y4WxPM.2","action":"Commit Response", "result":"Success", "context":Result: Success. cV=9VX4sbCfURYZsHy9Y4WxPM.0;server=akswtt007000003;cloudType=Consumer;environment=Prod_germanywestcentral_prod-s01-011-eur-germanywestcentral;migrationStage=NotStarted}
{"logTime": "0504/105238", "correlationVector":"QqXtIS3OKhiI2l8SIdo5el","action":"Commit Request", "result":"", "context":Item count: 1
Contributing types: Sessions}
{"logTime": "0504/105238", "correlationVector":"QqXtIS3OKhiI2l8SIdo5el.1","action":"SyncServerConnectionManagerRequest", "result":"SYNC_SERVER_OK", "context":{"environment":"Prod_germanywestcentral_prod-s01-011-eur-germanywestcentral", "migrationStage":"NotStarted", "server":"akswtt007000014"}}
{"logTime": "0504/105238", "correlationVector":"QqXtIS3OKhiI2l8SIdo5el.2","action":"Commit Response", "result":"Success", "context":Result: Success. cV=QqXtIS3OKhiI2l8SIdo5el.0;server=akswtt007000014;cloudType=Consumer;environment=Prod_germanywestcentral_prod-s01-011-eur-germanywestcentral;migrationStage=NotStarted}
{"logTime": "0504/105851", "correlationVector":"8vFZ2KlrcA/zONJ01tFn48","action":"Commit Request", "result":"", "context":Item count: 4
Contributing types: Sessions, History}
{"logTime": "0504/105852", "correlationVector":"8vFZ2KlrcA/zONJ01tFn48.1","action":"SyncServerConnectionManagerRequest", "result":"SYNC_SERVER_OK", "context":{"environment":"Prod_germanywestcentral_prod-s01-011-eur-germanywestcentral", "migrationStage":"NotStarted", "server":"akswtt00700000e"}}
{"logTime": "0504/105852", "correlationVector":"8vFZ2KlrcA/zONJ01tFn48.2","action":"Commit Response", "result":"Success", "context":Result: Success. cV=8vFZ2KlrcA/zONJ01tFn48.0;server=akswtt00700000e;cloudType=Consumer;environment=Prod_germanywestcentral_prod-s01-011-eur-germanywestcentral;migrationStage=NotStarted}
{"logTime": "0504/110013", "correlationVector":"Npj41P41udY0DW3JhX1BXL","action":"Commit Request", "result":"", "context":Item count: 2
Contributing types: History}
{"logTime": "0504/110013", "correlationVector":"Npj41P41udY0DW3JhX1BXL.1","action":"SyncServerConnectionManagerRequest", "result":"SYNC_SERVER_OK", "context":{"environment":"Prod_germanywestcentral_prod-s01-011-eur-germanywestcentral", "migrationStage":"NotStarted", "server":"akswtt00700002e"}}
{"logTime": "0504/110013", "correlationVector":"Npj41P41udY0DW3JhX1BXL.2","action":"Commit Response", "result":"Success", "context":Result: Success. cV=Npj41P41udY0DW3JhX1BXL.0;server=akswtt00700002e;cloudType=Consumer;environment=Prod_germanywestcentral_prod-s01-011-eur-germanywestcentral;migrationStage=NotStarted}
{"logTime": "0504/110136", "correlationVector":"pQeIfuUFQhzhinAXhxIWA6","action":"Commit Request", "result":"", "context":Item count: 1
Contributing types: Sessions}
{"logTime": "0504/110136", "correlationVector":"pQeIfuUFQhzhinAXhxIWA6.1","action":"SyncServerConnectionManagerRequest", "result":"SYNC_SERVER_OK", "context":{"environment":"Prod_germanywestcentral_prod-s01-011-eur-germanywestcentral", "migrationStage":"NotStarted", "server":"akswtt00700001u"}}
{"logTime": "0504/110136", "correlationVector":"pQeIfuUFQhzhinAXhxIWA6.2","action":"Commit Response", "result":"Success", "context":Result: Success. cV=pQeIfuUFQhzhinAXhxIWA6.0;server=akswtt00700001u;cloudType=Consumer;environment=Prod_germanywestcentral_prod-s01-011-eur-germanywestcentral;migrationStage=NotStarted}
{"logTime": "0504/110317", "correlationVector":"uHi2x/aFgaS7iIg8fbgBAt","action":"Commit Request", "result":"", "context":Item count: 1
Contributing types: Sessions}
{"logTime": "0504/110317", "correlationVector":"uHi2x/aFgaS7iIg8fbgBAt.1","action":"SyncServerConnectionManagerRequest", "result":"SYNC_SERVER_OK", "context":{"environment":"Prod_germanywestcentral_prod-s01-011-eur-germanywestcentral", "migrationStage":"NotStarted", "server":"akswtt00700001a"}}
{"logTime": "0504/110317", "correlationVector":"uHi2x/aFgaS7iIg8fbgBAt.2","action":"Commit Response", "result":"Success", "context":Result: Success. cV=uHi2x/aFgaS7iIg8fbgBAt.0;server=akswtt00700001a;cloudType=Consumer;environment=Prod_germanywestcentral_prod-s01-011-eur-germanywestcentral;migrationStage=NotStarted}
{"logTime": "0504/110709", "correlationVector":"BakxdNjIYF5xvVWCyBJMme","action":"Commit Request", "result":"", "context":Item count: 1
Contributing types: Sessions}
{"logTime": "0504/110709", "correlationVector":"BakxdNjIYF5xvVWCyBJMme.1","action":"SyncServerConnectionManagerRequest", "result":"SYNC_SERVER_OK", "context":{"environment":"Prod_germanywestcentral_prod-s01-011-eur-germanywestcentral", "migrationStage":"NotStarted", "server":"akswtt00700000z"}}
{"logTime": "0504/110709", "correlationVector":"BakxdNjIYF5xvVWCyBJMme.2","action":"Commit Response", "result":"Success", "context":Result: Success. cV=BakxdNjIYF5xvVWCyBJMme.0;server=akswtt00700000z;cloudType=Consumer;environment=Prod_germanywestcentral_prod-s01-011-eur-germanywestcentral;migrationStage=NotStarted}
{"logTime": "0504/110810", "correlationVector":"XdegKxGk4zec86b9XnV6Ku","action":"Commit Request", "result":"", "context":Item count: 1
Contributing types: Sessions}
{"logTime": "0504/110810", "correlationVector":"XdegKxGk4zec86b9XnV6Ku.1","action":"SyncServerConnectionManagerRequest", "result":"SYNC_SERVER_OK", "context":{"environment":"Prod_germanywestcentral_prod-s01-010-eur-germanywestcentral", "migrationStage":"NotStarted", "server":"akswtt00700002q"}}
{"logTime": "0504/110810", "correlationVector":"XdegKxGk4zec86b9XnV6Ku.2","action":"Commit Response", "result":"Success", "context":Result: Success. cV=XdegKxGk4zec86b9XnV6Ku.0;server=akswtt00700002q;cloudType=Consumer;environment=Prod_germanywestcentral_prod-s01-010-eur-germanywestcentral;migrationStage=NotStarted}
{"logTime": "0504/111013", "correlationVector":"n8YX6/5Nv7DgULhvZ5Lh0E","action":"Commit Request", "result":"", "context":Item count: 1
Contributing types: Sessions}
{"logTime": "0504/111013", "correlationVector":"n8YX6/5Nv7DgULhvZ5Lh0E.1","action":"SyncServerConnectionManagerRequest", "result":"SYNC_SERVER_OK", "context":{"environment":"Prod_germanywestcentral_prod-s01-011-eur-germanywestcentral", "migrationStage":"NotStarted", "server":"akswtt00700000q"}}
{"logTime": "0504/111013", "correlationVector":"n8YX6/5Nv7DgULhvZ5Lh0E.2","action":"Commit Response", "result":"Success", "context":Result: Success. cV=n8YX6/5Nv7DgULhvZ5Lh0E.0;server=akswtt00700000q;cloudType=Consumer;environment=Prod_germanywestcentral_prod-s01-011-eur-germanywestcentral;migrationStage=NotStarted}
{"logTime": "0504/111120", "correlationVector":"6RDCElFRPClhBNXreQTTSE","action":"Commit Request", "result":"", "context":Item count: 1
Contributing types: Sessions}
{"logTime": "0504/111120", "correlationVector":"6RDCElFRPClhBNXreQTTSE.1","action":"SyncServerConnectionManagerRequest", "result":"SYNC_SERVER_OK", "context":{"environment":"Prod_germanywestcentral_prod-s01-011-eur-germanywestcentral", "migrationStage":"NotStarted", "server":"akswtt00700001w"}}
{"logTime": "0504/111120", "correlationVector":"6RDCElFRPClhBNXreQTTSE.2","action":"Commit Response", "result":"Success", "context":Result: Success. cV=6RDCElFRPClhBNXreQTTSE.0;server=akswtt00700001w;cloudType=Consumer;environment=Prod_germanywestcentral_prod-s01-011-eur-germanywestcentral;migrationStage=NotStarted}
{"logTime": "0504/111223", "correlationVector":"8RXjRx1bSCkGUPTFj08x/m","action":"Commit Request", "result":"", "context":Item count: 4
Contributing types: Sessions, History}
{"logTime": "0504/111224", "correlationVector":"8RXjRx1bSCkGUPTFj08x/m.1","action":"SyncServerConnectionManagerRequest", "result":"SYNC_SERVER_OK", "context":{"environment":"Prod_germanywestcentral_prod-s01-011-eur-germanywestcentral", "migrationStage":"NotStarted", "server":"akswtt00700000z"}}
{"logTime": "0504/111224", "correlationVector":"8RXjRx1bSCkGUPTFj08x/m.2","action":"Commit Response", "result":"Success", "context":Result: Success. cV=8RXjRx1bSCkGUPTFj08x/m.0;server=akswtt00700000z;cloudType=Consumer;environment=Prod_germanywestcentral_prod-s01-011-eur-germanywestcentral;migrationStage=NotStarted}
{"logTime": "0504/111332", "correlationVector":"yqz7x3/h5WUlmbQJtZ2AI5","action":"Commit Request", "result":"", "context":Item count: 4
Contributing types: Sessions, History}
{"logTime": "0504/111333", "correlationVector":"yqz7x3/h5WUlmbQJtZ2AI5.1","action":"SyncServerConnectionManagerRequest", "result":"SYNC_SERVER_OK", "context":{"environment":"Prod_germanywestcentral_prod-s01-011-eur-germanywestcentral", "migrationStage":"NotStarted", "server":"akswtt00700000a"}}
{"logTime": "0504/111333", "correlationVector":"yqz7x3/h5WUlmbQJtZ2AI5.2","action":"Commit Response", "result":"Success", "context":Result: Success. cV=yqz7x3/h5WUlmbQJtZ2AI5.0;server=akswtt00700000a;cloudType=Consumer;environment=Prod_germanywestcentral_prod-s01-011-eur-germanywestcentral;migrationStage=NotStarted}
{"logTime": "0504/111508", "correlationVector":"SUVH3QOKtAaQP8Tl8weunk","action":"Commit Request", "result":"", "context":Item count: 1
Contributing types: Sessions}
{"logTime": "0504/111508", "correlationVector":"SUVH3QOKtAaQP8Tl8weunk.1","action":"SyncServerConnectionManagerRequest", "result":"SYNC_SERVER_OK", "context":{"environment":"Prod_germanywestcentral_prod-s01-011-eur-germanywestcentral", "migrationStage":"NotStarted", "server":"akswtt007000027"}}
{"logTime": "0504/111508", "correlationVector":"SUVH3QOKtAaQP8Tl8weunk.2","action":"Commit Response", "result":"Success", "context":Result: Success. cV=SUVH3QOKtAaQP8Tl8weunk.0;server=akswtt007000027;cloudType=Consumer;environment=Prod_germanywestcentral_prod-s01-011-eur-germanywestcentral;migrationStage=NotStarted}
{"logTime": "0504/111632", "correlationVector":"VUkdVp2mDU8jcCyLA5B4IO","action":"Commit Request", "result":"", "context":Item count: 1
Contributing types: Sessions}
{"logTime": "0504/111632", "correlationVector":"VUkdVp2mDU8jcCyLA5B4IO.1","action":"SyncServerConnectionManagerRequest", "result":"SYNC_SERVER_OK", "context":{"environment":"Prod_germanywestcentral_prod-s01-011-eur-germanywestcentral", "migrationStage":"NotStarted", "server":"akswtt00700000x"}}
{"logTime": "0504/111632", "correlationVector":"VUkdVp2mDU8jcCyLA5B4IO.2","action":"Commit Response", "result":"Success", "context":Result: Success. cV=VUkdVp2mDU8jcCyLA5B4IO.0;server=akswtt00700000x;cloudType=Consumer;environment=Prod_germanywestcentral_prod-s01-011-eur-germanywestcentral;migrationStage=NotStarted}
{"logTime": "0504/111736", "correlationVector":"Z5NPQ6El3OMkGeeHt5Pj/I","action":"Commit Request", "result":"", "context":Item count: 1
Contributing types: Sessions}
{"logTime": "0504/111736", "correlationVector":"Z5NPQ6El3OMkGeeHt5Pj/I.1","action":"SyncServerConnectionManagerRequest", "result":"SYNC_SERVER_OK", "context":{"environment":"Prod_germanywestcentral_prod-s01-011-eur-germanywestcentral", "migrationStage":"NotStarted", "server":"akswtt00700001j"}}
{"logTime": "0504/111736", "correlationVector":"Z5NPQ6El3OMkGeeHt5Pj/I.2","action":"Commit Response", "result":"Success", "context":Result: Success. cV=Z5NPQ6El3OMkGeeHt5Pj/I.0;server=akswtt00700001j;cloudType=Consumer;environment=Prod_germanywestcentral_prod-s01-011-eur-germanywestcentral;migrationStage=NotStarted}
{"logTime": "0504/111849", "correlationVector":"zEvNqNu+ybaHzVvvXNUMQE","action":"Commit Request", "result":"", "context":Item count: 1
Contributing types: Sessions}
{"logTime": "0504/111849", "correlationVector":"zEvNqNu+ybaHzVvvXNUMQE.1","action":"SyncServerConnectionManagerRequest", "result":"SYNC_SERVER_OK", "context":{"environment":"Prod_germanywestcentral_prod-s01-011-eur-germanywestcentral", "migrationStage":"NotStarted", "server":"akswtt00700000q"}}
{"logTime": "0504/111849", "correlationVector":"zEvNqNu+ybaHzVvvXNUMQE.2","action":"Commit Response", "result":"Success", "context":Result: Success. cV=zEvNqNu+ybaHzVvvXNUMQE.0;server=akswtt00700000q;cloudType=Consumer;environment=Prod_germanywestcentral_prod-s01-011-eur-germanywestcentral;migrationStage=NotStarted}
{"logTime": "0504/112041", "correlationVector":"V8AD+CS0SFW2U7NmjZQJFZ","action":"Commit Request", "result":"", "context":Item count: 4
Contributing types: Sessions, History}
{"logTime": "0504/112041", "correlationVector":"V8AD+CS0SFW2U7NmjZQJFZ.1","action":"SyncServerConnectionManagerRequest", "result":"SYNC_SERVER_OK", "context":{"environment":"Prod_germanywestcentral_prod-s01-011-eur-germanywestcentral", "migrationStage":"NotStarted", "server":"akswtt00700001q"}}
{"logTime": "0504/112041", "correlationVector":"V8AD+CS0SFW2U7NmjZQJFZ.2","action":"Commit Response", "result":"Success", "context":Result: Success. cV=V8AD+CS0SFW2U7NmjZQJFZ.0;server=akswtt00700001q;cloudType=Consumer;environment=Prod_germanywestcentral_prod-s01-011-eur-germanywestcentral;migrationStage=NotStarted}
{"logTime": "0504/112142", "correlationVector":"XuzWcB29T4ce9B8b09Ah0M","action":"Commit Request", "result":"", "context":Item count: 8
Contributing types: Sessions, History}
{"logTime": "0504/112143", "correlationVector":"XuzWcB29T4ce9B8b09Ah0M.1","action":"SyncServerConnectionManagerRequest", "result":"SYNC_SERVER_OK", "context":{"environment":"Prod_germanywestcentral_prod-s01-010-eur-germanywestcentral", "migrationStage":"NotStarted", "server":"akswtt00700002i"}}
{"logTime": "0504/112143", "correlationVector":"XuzWcB29T4ce9B8b09Ah0M.2","action":"Commit Response", "result":"Success", "context":Result: Success. cV=XuzWcB29T4ce9B8b09Ah0M.0;server=akswtt00700002i;cloudType=Consumer;environment=Prod_germanywestcentral_prod-s01-010-eur-germanywestcentral;migrationStage=NotStarted}
{"logTime": "0504/112330", "correlationVector":"M5+mM93Xgjq5MrVoykJtVn","action":"Commit Request", "result":"", "context":Item count: 5
Contributing types: Sessions, History}
{"logTime": "0504/112330", "correlationVector":"M5+mM93Xgjq5MrVoykJtVn.1","action":"SyncServerConnectionManagerRequest", "result":"SYNC_SERVER_OK", "context":{"environment":"Prod_germanywestcentral_prod-s01-010-eur-germanywestcentral", "migrationStage":"NotStarted", "server":"akswtt00700000q"}}
{"logTime": "0504/112330", "correlationVector":"M5+mM93Xgjq5MrVoykJtVn.2","action":"Commit Response", "result":"Success", "context":Result: Success. cV=M5+mM93Xgjq5MrVoykJtVn.0;server=akswtt00700000q;cloudType=Consumer;environment=Prod_germanywestcentral_prod-s01-010-eur-germanywestcentral;migrationStage=NotStarted}
{"logTime": "0504/112549", "correlationVector":"XENg53AHHBTTIO2cOWTD9k","action":"Commit Request", "result":"", "context":Item count: 1
Contributing types: Sessions}
{"logTime": "0504/112549", "correlationVector":"XENg53AHHBTTIO2cOWTD9k.1","action":"SyncServerConnectionManagerRequest", "result":"SYNC_SERVER_OK", "context":{"environment":"Prod_germanywestcentral_prod-s01-011-eur-germanywestcentral", "migrationStage":"NotStarted", "server":"akswtt007000002"}}
{"logTime": "0504/112549", "correlationVector":"XENg53AHHBTTIO2cOWTD9k.2","action":"Commit Response", "result":"Success", "context":Result: Success. cV=XENg53AHHBTTIO2cOWTD9k.0;server=akswtt007000002;cloudType=Consumer;environment=Prod_germanywestcentral_prod-s01-011-eur-germanywestcentral;migrationStage=NotStarted}
{"logTime": "0504/113523", "correlationVector":"0nIETsK5+zZgXpN3p44+K1","action":"Commit Request", "result":"", "context":Item count: 5
Contributing types: Sessions, History}
{"logTime": "0504/113523", "correlationVector":"0nIETsK5+zZgXpN3p44+K1.1","action":"SyncServerConnectionManagerRequest", "result":"SYNC_SERVER_OK", "context":{"environment":"Prod_germanywestcentral_prod-s01-011-eur-germanywestcentral", "migrationStage":"NotStarted", "server":"akswtt00700000n"}}
{"logTime": "0504/113523", "correlationVector":"0nIETsK5+zZgXpN3p44+K1.2","action":"Commit Response", "result":"Success", "context":Result: Success. cV=0nIETsK5+zZgXpN3p44+K1.0;server=akswtt00700000n;cloudType=Consumer;environment=Prod_germanywestcentral_prod-s01-011-eur-germanywestcentral;migrationStage=NotStarted}
{"logTime": "0504/113631", "correlationVector":"NVn6fEwoIh7EWcDMO0sRo6","action":"Commit Request", "result":"", "context":Item count: 13
Contributing types: Sessions, History}
{"logTime": "0504/113631", "correlationVector":"NVn6fEwoIh7EWcDMO0sRo6.1","action":"SyncServerConnectionManagerRequest", "result":"SYNC_SERVER_OK", "context":{"environment":"Prod_germanywestcentral_prod-s01-011-eur-germanywestcentral", "migrationStage":"NotStarted", "server":"akswtt007000003"}}
{"logTime": "0504/113631", "correlationVector":"NVn6fEwoIh7EWcDMO0sRo6.2","action":"Commit Response", "result":"Success", "context":Result: Success. cV=NVn6fEwoIh7EWcDMO0sRo6.0;server=akswtt007000003;cloudType=Consumer;environment=Prod_germanywestcentral_prod-s01-011-eur-germanywestcentral;migrationStage=NotStarted}
{"logTime": "0504/114736", "correlationVector":"SPD+XsWilodnY6myclRbeg","action":"Commit Request", "result":"", "context":Item count: 1
Contributing types: Sessions}
{"logTime": "0504/114736", "correlationVector":"SPD+XsWilodnY6myclRbeg.1","action":"SyncServerConnectionManagerRequest", "result":"SYNC_SERVER_OK", "context":{"environment":"Prod_germanywestcentral_prod-s01-010-eur-germanywestcentral", "migrationStage":"NotStarted", "server":"akswtt00700000c"}}
{"logTime": "0504/114736", "correlationVector":"SPD+XsWilodnY6myclRbeg.2","action":"Commit Response", "result":"Success", "context":Result: Success. cV=SPD+XsWilodnY6myclRbeg.0;server=akswtt00700000c;cloudType=Consumer;environment=Prod_germanywestcentral_prod-s01-010-eur-germanywestcentral;migrationStage=NotStarted}
{"logTime": "0504/115331", "correlationVector":"Kg4F9j+w5V7mvHePNioXE3","action":"Commit Request", "result":"", "context":Item count: 1
Contributing types: Sessions}
{"logTime": "0504/115331", "correlationVector":"Kg4F9j+w5V7mvHePNioXE3.1","action":"SyncServerConnectionManagerRequest", "result":"SYNC_SERVER_OK", "context":{"environment":"Prod_germanywestcentral_prod-s01-010-eur-germanywestcentral", "migrationStage":"NotStarted", "server":"akswtt00700000u"}}
{"logTime": "0504/115331", "correlationVector":"Kg4F9j+w5V7mvHePNioXE3.2","action":"Commit Response", "result":"Success", "context":Result: Success. cV=Kg4F9j+w5V7mvHePNioXE3.0;server=akswtt00700000u;cloudType=Consumer;environment=Prod_germanywestcentral_prod-s01-010-eur-germanywestcentral;migrationStage=NotStarted}
{"logTime": "0504/115757", "correlationVector":"PzkNL/27+QhE//MngEaO6E","action":"Commit Request", "result":"", "context":Item count: 1
Contributing types: Sessions}
{"logTime": "0504/115757", "correlationVector":"PzkNL/27+QhE//MngEaO6E.1","action":"SyncServerConnectionManagerRequest", "result":"SYNC_SERVER_OK", "context":{"environment":"Prod_germanywestcentral_prod-s01-011-eur-germanywestcentral", "migrationStage":"NotStarted", "server":"akswtt00700001q"}}
{"logTime": "0504/115757", "correlationVector":"PzkNL/27+QhE//MngEaO6E.2","action":"Commit Response", "result":"Success", "context":Result: Success. cV=PzkNL/27+QhE//MngEaO6E.0;server=akswtt00700001q;cloudType=Consumer;environment=Prod_germanywestcentral_prod-s01-011-eur-germanywestcentral;migrationStage=NotStarted}
{"logTime": "0504/115859", "correlationVector":"o5bk0nH8HKb1stYSA7RD89","action":"Commit Request", "result":"", "context":Item count: 1
Contributing types: Sessions}
{"logTime": "0504/115859", "correlationVector":"o5bk0nH8HKb1stYSA7RD89.1","action":"SyncServerConnectionManagerRequest", "result":"SYNC_SERVER_OK", "context":{"environment":"Prod_germanywestcentral_prod-s01-011-eur-germanywestcentral", "migrationStage":"NotStarted", "server":"akswtt00700000u"}}
{"logTime": "0504/115859", "correlationVector":"o5bk0nH8HKb1stYSA7RD89.2","action":"Commit Response", "result":"Success", "context":Result: Success. cV=o5bk0nH8HKb1stYSA7RD89.0;server=akswtt00700000u;cloudType=Consumer;environment=Prod_germanywestcentral_prod-s01-011-eur-germanywestcentral;migrationStage=NotStarted}
{"logTime": "0504/120320", "correlationVector":"ubuOREUF4EVRu+kAHukffJ","action":"Commit Request", "result":"", "context":Item count: 1
Contributing types: Sessions}
{"logTime": "0504/120320", "correlationVector":"ubuOREUF4EVRu+kAHukffJ.1","action":"SyncServerConnectionManagerRequest", "result":"SYNC_SERVER_OK", "context":{"environment":"Prod_germanywestcentral_prod-s01-011-eur-germanywestcentral", "migrationStage":"NotStarted", "server":"akswtt00700000u"}}
{"logTime": "0504/120320", "correlationVector":"ubuOREUF4EVRu+kAHukffJ.2","action":"Commit Response", "result":"Success", "context":Result: Success. cV=ubuOREUF4EVRu+kAHukffJ.0;server=akswtt00700000u;cloudType=Consumer;environment=Prod_germanywestcentral_prod-s01-011-eur-germanywestcentral;migrationStage=NotStarted}
{"logTime": "0504/120421", "correlationVector":"QHgzygipnaCrpQZC6hkKCP","action":"Commit Request", "result":"", "context":Item count: 1
Contributing types: Sessions}
{"logTime": "0504/120422", "correlationVector":"QHgzygipnaCrpQZC6hkKCP.1","action":"SyncServerConnectionManagerRequest", "result":"SYNC_SERVER_OK", "context":{"environment":"Prod_germanywestcentral_prod-s01-011-eur-germanywestcentral", "migrationStage":"NotStarted", "server":"akswtt00700002b"}}
{"logTime": "0504/120422", "correlationVector":"QHgzygipnaCrpQZC6hkKCP.2","action":"Commit Response", "result":"Success", "context":Result: Success. cV=QHgzygipnaCrpQZC6hkKCP.0;server=akswtt00700002b;cloudType=Consumer;environment=Prod_germanywestcentral_prod-s01-011-eur-germanywestcentral;migrationStage=NotStarted}
{"logTime": "0504/120627", "correlationVector":"nmstdoGqDdVysXmM60n4a5","action":"Commit Request", "result":"", "context":Item count: 1
Contributing types: Sessions}
{"logTime": "0504/120627", "correlationVector":"nmstdoGqDdVysXmM60n4a5.1","action":"SyncServerConnectionManagerRequest", "result":"SYNC_SERVER_OK", "context":{"environment":"Prod_germanywestcentral_prod-s01-011-eur-germanywestcentral", "migrationStage":"NotStarted", "server":"akswtt00700001o"}}
{"logTime": "0504/120627", "correlationVector":"nmstdoGqDdVysXmM60n4a5.2","action":"Commit Response", "result":"Success", "context":Result: Success. cV=nmstdoGqDdVysXmM60n4a5.0;server=akswtt00700001o;cloudType=Consumer;environment=Prod_germanywestcentral_prod-s01-011-eur-germanywestcentral;migrationStage=NotStarted}
{"logTime": "0504/120847", "correlationVector":"XPVJmZGbAa3ifi3nWYKf4J","action":"Commit Request", "result":"", "context":Item count: 1
Contributing types: Sessions}
{"logTime": "0504/120848", "correlationVector":"XPVJmZGbAa3ifi3nWYKf4J.1","action":"SyncServerConnectionManagerRequest", "result":"SYNC_SERVER_OK", "context":{"environment":"Prod_germanywestcentral_prod-s01-011-eur-germanywestcentral", "migrationStage":"NotStarted", "server":"akswtt007000029"}}
{"logTime": "0504/120848", "correlationVector":"XPVJmZGbAa3ifi3nWYKf4J.2","action":"Commit Response", "result":"Success", "context":Result: Success. cV=XPVJmZGbAa3ifi3nWYKf4J.0;server=akswtt007000029;cloudType=Consumer;environment=Prod_germanywestcentral_prod-s01-011-eur-germanywestcentral;migrationStage=NotStarted}
{"logTime": "0504/120951", "correlationVector":"c3aSkuCnt4uc+eKTHqJcEc","action":"Commit Request", "result":"", "context":Item count: 1
Contributing types: Sessions}
{"logTime": "0504/120951", "correlationVector":"c3aSkuCnt4uc+eKTHqJcEc.1","action":"SyncServerConnectionManagerRequest", "result":"SYNC_SERVER_OK", "context":{"environment":"Prod_germanywestcentral_prod-s01-011-eur-germanywestcentral", "migrationStage":"NotStarted", "server":"akswtt007000000"}}
{"logTime": "0504/120951", "correlationVector":"c3aSkuCnt4uc+eKTHqJcEc.2","action":"Commit Response", "result":"Success", "context":Result: Success. cV=c3aSkuCnt4uc+eKTHqJcEc.0;server=akswtt007000000;cloudType=Consumer;environment=Prod_germanywestcentral_prod-s01-011-eur-germanywestcentral;migrationStage=NotStarted}
{"logTime": "0504/121053", "correlationVector":"nRD0OOJ4uC1EoMr0GqWmSK","action":"Commit Request", "result":"", "context":Item count: 1
Contributing types: Sessions}
{"logTime": "0504/121053", "correlationVector":"nRD0OOJ4uC1EoMr0GqWmSK.1","action":"SyncServerConnectionManagerRequest", "result":"SYNC_SERVER_OK", "context":{"environment":"Prod_germanywestcentral_prod-s01-011-eur-germanywestcentral", "migrationStage":"NotStarted", "server":"akswtt00700001u"}}
{"logTime": "0504/121053", "correlationVector":"nRD0OOJ4uC1EoMr0GqWmSK.2","action":"Commit Response", "result":"Success", "context":Result: Success. cV=nRD0OOJ4uC1EoMr0GqWmSK.0;server=akswtt00700001u;cloudType=Consumer;environment=Prod_germanywestcentral_prod-s01-011-eur-germanywestcentral;migrationStage=NotStarted}
{"logTime": "0504/121225", "correlationVector":"xDKxHVhrWEJqO2Fd5+ahbr","action":"Commit Request", "result":"", "context":Item count: 4
Contributing types: Sessions, History}
{"logTime": "0504/121225", "correlationVector":"xDKxHVhrWEJqO2Fd5+ahbr.1","action":"SyncServerConnectionManagerRequest", "result":"SYNC_SERVER_OK", "context":{"environment":"Prod_germanywestcentral_prod-s01-011-eur-germanywestcentral", "migrationStage":"NotStarted", "server":"akswtt007000015"}}
{"logTime": "0504/121225", "correlationVector":"xDKxHVhrWEJqO2Fd5+ahbr.2","action":"Commit Response", "result":"Success", "context":Result: Success. cV=xDKxHVhrWEJqO2Fd5+ahbr.0;server=akswtt007000015;cloudType=Consumer;environment=Prod_germanywestcentral_prod-s01-011-eur-germanywestcentral;migrationStage=NotStarted}
{"logTime": "0504/121332", "correlationVector":"p/1T9aHRWljzx7URenmOEn","action":"Commit Request", "result":"", "context":Item count: 1
Contributing types: Sessions}
{"logTime": "0504/121332", "correlationVector":"p/1T9aHRWljzx7URenmOEn.1","action":"SyncServerConnectionManagerRequest", "result":"SYNC_SERVER_OK", "context":{"environment":"Prod_germanywestcentral_prod-s01-011-eur-germanywestcentral", "migrationStage":"NotStarted", "server":"akswtt007000000"}}
{"logTime": "0504/121332", "correlationVector":"p/1T9aHRWljzx7URenmOEn.2","action":"Commit Response", "result":"Success", "context":Result: Success. cV=p/1T9aHRWljzx7URenmOEn.0;server=akswtt007000000;cloudType=Consumer;environment=Prod_germanywestcentral_prod-s01-011-eur-germanywestcentral;migrationStage=NotStarted}
{"logTime": "0504/121451", "correlationVector":"Kp3TfuU1MHv8RGjyUPw/3Z","action":"Commit Request", "result":"", "context":Item count: 5
Contributing types: Sessions, History}
{"logTime": "0504/121451", "correlationVector":"Kp3TfuU1MHv8RGjyUPw/3Z.1","action":"SyncServerConnectionManagerRequest", "result":"SYNC_SERVER_OK", "context":{"environment":"Prod_germanywestcentral_prod-s01-011-eur-germanywestcentral", "migrationStage":"NotStarted", "server":"akswtt00700002b"}}
{"logTime": "0504/121451", "correlationVector":"Kp3TfuU1MHv8RGjyUPw/3Z.2","action":"Commit Response", "result":"Success", "context":Result: Success. cV=Kp3TfuU1MHv8RGjyUPw/3Z.0;server=akswtt00700002b;cloudType=Consumer;environment=Prod_germanywestcentral_prod-s01-011-eur-germanywestcentral;migrationStage=NotStarted}
{"logTime": "0504/121743", "correlationVector":"kOt4oe6b0D99LWkwBwZSGH","action":"Commit Request", "result":"", "context":Item count: 5
Contributing types: Sessions, History}
{"logTime": "0504/121744", "correlationVector":"kOt4oe6b0D99LWkwBwZSGH.1","action":"SyncServerConnectionManagerRequest", "result":"SYNC_SERVER_OK", "context":{"environment":"Prod_germanywestcentral_prod-s01-011-eur-germanywestcentral", "migrationStage":"NotStarted", "server":"akswtt00700000f"}}
{"logTime": "0504/121744", "correlationVector":"kOt4oe6b0D99LWkwBwZSGH.2","action":"Commit Response", "result":"Success", "context":Result: Success. cV=kOt4oe6b0D99LWkwBwZSGH.0;server=akswtt00700000f;cloudType=Consumer;environment=Prod_germanywestcentral_prod-s01-011-eur-germanywestcentral;migrationStage=NotStarted}
{"logTime": "0504/122139", "correlationVector":"savafxI5GIJd6ZsoeEFhqM","action":"Commit Request", "result":"", "context":Item count: 1
Contributing types: Sessions}
{"logTime": "0504/122139", "correlationVector":"savafxI5GIJd6ZsoeEFhqM.1","action":"SyncServerConnectionManagerRequest", "result":"SYNC_SERVER_OK", "context":{"environment":"Prod_germanywestcentral_prod-s01-011-eur-germanywestcentral", "migrationStage":"NotStarted", "server":"akswtt00700001v"}}
{"logTime": "0504/122139", "correlationVector":"savafxI5GIJd6ZsoeEFhqM.2","action":"Commit Response", "result":"Success", "context":Result: Success. cV=savafxI5GIJd6ZsoeEFhqM.0;server=akswtt00700001v;cloudType=Consumer;environment=Prod_germanywestcentral_prod-s01-011-eur-germanywestcentral;migrationStage=NotStarted}
{"logTime": "0504/122537", "correlationVector":"uHYIWvNjaiSqhf44tt+pcr","action":"Commit Request", "result":"", "context":Item count: 5
Contributing types: Sessions, History}
{"logTime": "0504/122537", "correlationVector":"uHYIWvNjaiSqhf44tt+pcr.1","action":"SyncServerConnectionManagerRequest", "result":"SYNC_SERVER_OK", "context":{"environment":"Prod_germanywestcentral_prod-s01-011-eur-germanywestcentral", "migrationStage":"NotStarted", "server":"akswtt00700001c"}}
{"logTime": "0504/122537", "correlationVector":"uHYIWvNjaiSqhf44tt+pcr.2","action":"Commit Response", "result":"Success", "context":Result: Success. cV=uHYIWvNjaiSqhf44tt+pcr.0;server=akswtt00700001c;cloudType=Consumer;environment=Prod_germanywestcentral_prod-s01-011-eur-germanywestcentral;migrationStage=NotStarted}
{"logTime": "0504/122641", "correlationVector":"box8UtuBlvszHPEFN+GZGZ","action":"Commit Request", "result":"", "context":Item count: 14
Contributing types: Sessions, History}
{"logTime": "0504/122642", "correlationVector":"box8UtuBlvszHPEFN+GZGZ.1","action":"SyncServerConnectionManagerRequest", "result":"SYNC_SERVER_OK", "context":{"environment":"Prod_germanywestcentral_prod-s01-011-eur-germanywestcentral", "migrationStage":"NotStarted", "server":"akswtt007000016"}}
{"logTime": "0504/122642", "correlationVector":"box8UtuBlvszHPEFN+GZGZ.2","action":"Commit Response", "result":"Success", "context":Result: Success. cV=box8UtuBlvszHPEFN+GZGZ.0;server=akswtt007000016;cloudType=Consumer;environment=Prod_germanywestcentral_prod-s01-011-eur-germanywestcentral;migrationStage=NotStarted}
{"logTime": "0504/122836", "correlationVector":"fHkU8JSSWKpgEkjMYAPJZG","action":"Commit Request", "result":"", "context":Item count: 1
Contributing types: Sessions}
{"logTime": "0504/122836", "correlationVector":"fHkU8JSSWKpgEkjMYAPJZG.1","action":"SyncServerConnectionManagerRequest", "result":"SYNC_SERVER_OK", "context":{"environment":"Prod_germanywestcentral_prod-s01-011-eur-germanywestcentral", "migrationStage":"NotStarted", "server":"akswtt00700001c"}}
{"logTime": "0504/122836", "correlationVector":"fHkU8JSSWKpgEkjMYAPJZG.2","action":"Commit Response", "result":"Success", "context":Result: Success. cV=fHkU8JSSWKpgEkjMYAPJZG.0;server=akswtt00700001c;cloudType=Consumer;environment=Prod_germanywestcentral_prod-s01-011-eur-germanywestcentral;migrationStage=NotStarted}
{"logTime": "0504/122944", "correlationVector":"AjFu7x+HZ7AD4gLS+at5cl","action":"Commit Request", "result":"", "context":Item count: 5
Contributing types: Sessions, History}
{"logTime": "0504/122944", "correlationVector":"AjFu7x+HZ7AD4gLS+at5cl.1","action":"SyncServerConnectionManagerRequest", "result":"SYNC_SERVER_OK", "context":{"environment":"Prod_germanywestcentral_prod-s01-011-eur-germanywestcentral", "migrationStage":"NotStarted", "server":"akswtt007000025"}}
{"logTime": "0504/122944", "correlationVector":"AjFu7x+HZ7AD4gLS+at5cl.2","action":"Commit Response", "result":"Success", "context":Result: Success. cV=AjFu7x+HZ7AD4gLS+at5cl.0;server=akswtt007000025;cloudType=Consumer;environment=Prod_germanywestcentral_prod-s01-011-eur-germanywestcentral;migrationStage=NotStarted}
{"logTime": "0504/123107", "correlationVector":"nH6vkFka+IV1a9Ckws2XJJ","action":"Commit Request", "result":"", "context":Item count: 1
Contributing types: Sessions}
{"logTime": "0504/123108", "correlationVector":"nH6vkFka+IV1a9Ckws2XJJ.1","action":"SyncServerConnectionManagerRequest", "result":"SYNC_SERVER_OK", "context":{"environment":"Prod_germanywestcentral_prod-s01-011-eur-germanywestcentral", "migrationStage":"NotStarted", "server":"akswtt00700001c"}}
{"logTime": "0504/123108", "correlationVector":"nH6vkFka+IV1a9Ckws2XJJ.2","action":"Commit Response", "result":"Success", "context":Result: Success. cV=nH6vkFka+IV1a9Ckws2XJJ.0;server=akswtt00700001c;cloudType=Consumer;environment=Prod_germanywestcentral_prod-s01-011-eur-germanywestcentral;migrationStage=NotStarted}
{"logTime": "0504/123726", "correlationVector":"4e8mEE2KihaW0g4SHWLB5j","action":"Commit Request", "result":"", "context":Item count: 6
Contributing types: Sessions, History}
{"logTime": "0504/123727", "correlationVector":"4e8mEE2KihaW0g4SHWLB5j.1","action":"SyncServerConnectionManagerRequest", "result":"SYNC_SERVER_OK", "context":{"environment":"Prod_germanywestcentral_prod-s01-011-eur-germanywestcentral", "migrationStage":"NotStarted", "server":"akswtt007000008"}}
{"logTime": "0504/123727", "correlationVector":"4e8mEE2KihaW0g4SHWLB5j.2","action":"Commit Response", "result":"Success", "context":Result: Success. cV=4e8mEE2KihaW0g4SHWLB5j.0;server=akswtt007000008;cloudType=Consumer;environment=Prod_germanywestcentral_prod-s01-011-eur-germanywestcentral;migrationStage=NotStarted}
{"logTime": "0504/124012", "correlationVector":"RiHmE5WZCWJwqtu9FIEDAf","action":"Commit Request", "result":"", "context":Item count: 6
Contributing types: Sessions, History}
{"logTime": "0504/124012", "correlationVector":"RiHmE5WZCWJwqtu9FIEDAf.1","action":"SyncServerConnectionManagerRequest", "result":"SYNC_SERVER_OK", "context":{"environment":"Prod_germanywestcentral_prod-s01-011-eur-germanywestcentral", "migrationStage":"NotStarted", "server":"akswtt00700000a"}}
{"logTime": "0504/124012", "correlationVector":"RiHmE5WZCWJwqtu9FIEDAf.2","action":"Commit Response", "result":"Success", "context":Result: Success. cV=RiHmE5WZCWJwqtu9FIEDAf.0;server=akswtt00700000a;cloudType=Consumer;environment=Prod_germanywestcentral_prod-s01-011-eur-germanywestcentral;migrationStage=NotStarted}
{"logTime": "0504/124259", "correlationVector":"mRSPj0IvneYKMrB7YM434T","action":"Commit Request", "result":"", "context":Item count: 1
Contributing types: Sessions}
{"logTime": "0504/124259", "correlationVector":"mRSPj0IvneYKMrB7YM434T.1","action":"SyncServerConnectionManagerRequest", "result":"SYNC_SERVER_OK", "context":{"environment":"Prod_germanywestcentral_prod-s01-011-eur-germanywestcentral", "migrationStage":"NotStarted", "server":"akswtt00700000x"}}
{"logTime": "0504/124259", "correlationVector":"mRSPj0IvneYKMrB7YM434T.2","action":"Commit Response", "result":"Success", "context":Result: Success. cV=mRSPj0IvneYKMrB7YM434T.0;server=akswtt00700000x;cloudType=Consumer;environment=Prod_germanywestcentral_prod-s01-011-eur-germanywestcentral;migrationStage=NotStarted}
{"logTime": "0504/124611", "correlationVector":"WadR3G0Y9P0j86Ig6Eq58I","action":"Commit Request", "result":"", "context":Item count: 4
Contributing types: Sessions, History}
{"logTime": "0504/124612", "correlationVector":"WadR3G0Y9P0j86Ig6Eq58I.1","action":"SyncServerConnectionManagerRequest", "result":"SYNC_SERVER_OK", "context":{"environment":"Prod_germanywestcentral_prod-s01-011-eur-germanywestcentral", "migrationStage":"NotStarted", "server":"akswtt00700002a"}}
{"logTime": "0504/124612", "correlationVector":"WadR3G0Y9P0j86Ig6Eq58I.2","action":"Commit Response", "result":"Success", "context":Result: Success. cV=WadR3G0Y9P0j86Ig6Eq58I.0;server=akswtt00700002a;cloudType=Consumer;environment=Prod_germanywestcentral_prod-s01-011-eur-germanywestcentral;migrationStage=NotStarted}
{"logTime": "0504/124749", "correlationVector":"NH6Fb2LCAdLrsOnckgPwXl","action":"Commit Request", "result":"", "context":Item count: 1
Contributing types: Sessions}
{"logTime": "0504/124749", "correlationVector":"NH6Fb2LCAdLrsOnckgPwXl.1","action":"SyncServerConnectionManagerRequest", "result":"SYNC_SERVER_OK", "context":{"environment":"Prod_germanywestcentral_prod-s01-011-eur-germanywestcentral", "migrationStage":"NotStarted", "server":"akswtt007000013"}}
{"logTime": "0504/124749", "correlationVector":"NH6Fb2LCAdLrsOnckgPwXl.2","action":"Commit Response", "result":"Success", "context":Result: Success. cV=NH6Fb2LCAdLrsOnckgPwXl.0;server=akswtt007000013;cloudType=Consumer;environment=Prod_germanywestcentral_prod-s01-011-eur-germanywestcentral;migrationStage=NotStarted}
{"logTime": "0504/124922", "correlationVector":"FRCu/KurlcDrZ/vBzCM0ug","action":"Commit Request", "result":"", "context":Item count: 1
Contributing types: Sessions}
{"logTime": "0504/124922", "correlationVector":"FRCu/KurlcDrZ/vBzCM0ug.1","action":"SyncServerConnectionManagerRequest", "result":"SYNC_SERVER_OK", "context":{"environment":"Prod_germanywestcentral_prod-s01-011-eur-germanywestcentral", "migrationStage":"NotStarted", "server":"akswtt00700001h"}}
{"logTime": "0504/124922", "correlationVector":"FRCu/KurlcDrZ/vBzCM0ug.2","action":"Commit Response", "result":"Success", "context":Result: Success. cV=FRCu/KurlcDrZ/vBzCM0ug.0;server=akswtt00700001h;cloudType=Consumer;environment=Prod_germanywestcentral_prod-s01-011-eur-germanywestcentral;migrationStage=NotStarted}
{"logTime": "0504/125152", "correlationVector":"XIT6c6VOmFRmVRsklTMJ34","action":"Commit Request", "result":"", "context":Item count: 1
Contributing types: Sessions}
{"logTime": "0504/125153", "correlationVector":"XIT6c6VOmFRmVRsklTMJ34.1","action":"SyncServerConnectionManagerRequest", "result":"SYNC_SERVER_OK", "context":{"environment":"Prod_germanywestcentral_prod-s01-010-eur-germanywestcentral", "migrationStage":"NotStarted", "server":"akswtt00700002p"}}
{"logTime": "0504/125153", "correlationVector":"XIT6c6VOmFRmVRsklTMJ34.2","action":"Commit Response", "result":"Success", "context":Result: Success. cV=XIT6c6VOmFRmVRsklTMJ34.0;server=akswtt00700002p;cloudType=Consumer;environment=Prod_germanywestcentral_prod-s01-010-eur-germanywestcentral;migrationStage=NotStarted}
{"logTime": "0504/132811", "correlationVector":"GXQr7EF9ojB7C/JsvMa6k0.1","action":"SyncServerConnectionManagerRequest", "result":"SYNC_SERVER_OK", "context":{"environment":"Prod_germanywestcentral_prod-s01-011-eur-germanywestcentral", "migrationStage":"NotStarted", "server":"akswtt00700000o"}}
{"logTime": "0504/132811", "correlationVector":"GXQr7EF9ojB7C/JsvMa6k0.2","action":"ProcessGetUpdates", "result":"Done", "context":{"dataType":"Encryption Keys", "deleted":"0", "process_failed_to_decrypt":"0", "process_pending_decryption":"0", "process_success":"1", "total":"1"}}
{"logTime": "0504/132812", "correlationVector":"v3GKzbB9lGzjtPgbQ61FD0","action":"SyncServerConnectionManagerRequest", "result":"SYNC_SERVER_OK", "context":{"environment":"", "migrationStage":"", "server":""}}
{"logTime": "0504/132812", "correlationVector":"v3GKzbB9lGzjtPgbQ61FD0.0","action":"EncryptionKeysFetcher.DownloadKeys:", "result":"Success", "context":Key count: 6, Last key timestamp: 2025-03-18T10:45:38Z}
{"logTime": "0504/132812", "correlationVector":"v3GKzbB9lGzjtPgbQ61FD0.1","action":"EncryptionKeysManager::SetEncryptionKeys:", "result":"Success", "context":Key names[6]:[MfBSp8awYIaYsG6e2rrI9sUCAZSsE4atBgxq9HBrYOqM6cDs1Gilj81fKv2g+c/ff2YIKRHcLHARNir2fLBBYA==][ch7fl6THU0TgbU/2yKkPed7qZIsGdOCM0AYisKO8ohO6XVsNZmruZIvCtAP+NWWD6aT9kQfocOz7bQ3lOm+r2g==][limXjDRLr6fEF2jl9Mt6pdNfxdhh6TAW5ONcCQpGb7Ko5EYQD7Ysjtsgk82p8DaSook2wc9g1JwFIRDaa5VSig==][WjVjicWFSVf3pkq0Bcxz9qTe9PEArwZljs0na5y3QybdFjLUEEQztiJ58NLMuMVA99TzG1datT/u9EVOA+Hlng==][NQa7l500CEELgUpepAuo0cO6ByJMgicwhVage2c8xg9fcGtkJX7fMCYXOsCfvg7AhJM5FXN9j413KJTpxjUivg==][thGiU1seuWQKCRN0cVhXIumw4pYohPWJ6+g/YcqvWkfad9HAS+XWAoTohsMwBQxf50y1W55WJJv4cRwJHkoZlw==]}
{"logTime": "0504/132812", "correlationVector":"v3GKzbB9lGzjtPgbQ61FD0.2","action":"EncryptionKeysManager::SetEncryptionKeysWithTimestamps:", "result":"Success", "context":Key timestamps[6]:[2022-09-05T14:13:39Z][2022-10-17T11:14:57Z][2023-04-16T11:20:48Z][2024-01-03T18:16:31Z][2024-09-18T16:35:10Z][2025-03-18T10:45:38Z]}
{"logTime": "0504/132812", "correlationVector":"GXQr7EF9ojB7C/JsvMa6k0","action":"Initial GetUpdates", "result":"", "context":Reason: NEW_CLIENT. cV=GXQr7EF9ojB7C/JsvMa6k0}
{"logTime": "0504/132812", "correlationVector":"GXQr7EF9ojB7C/JsvMa6k0.3","action":"GetUpdates Response", "result":"Success", "context":Received 1 update(s). cV=GXQr7EF9ojB7C/JsvMa6k0.0;server=akswtt00700000o;cloudType=Consumer;environment=Prod_germanywestcentral_prod-s01-011-eur-germanywestcentral;migrationStage=NotStarted}
{"logTime": "0504/132812", "correlationVector":"x+wM1k1im40zIcMSe9dVKn","action":"Initial GetUpdates", "result":"", "context":Reason: NEWLY_SUPPORTED_DATATYPE. cV=x+wM1k1im40zIcMSe9dVKn}
{"logTime": "0504/132812", "correlationVector":"x+wM1k1im40zIcMSe9dVKn.1","action":"SyncServerConnectionManagerRequest", "result":"SYNC_SERVER_OK", "context":{"environment":"Prod_germanywestcentral_prod-s01-011-eur-germanywestcentral", "migrationStage":"NotStarted", "server":"akswtt00700002b"}}
{"logTime": "0504/132812", "correlationVector":"x+wM1k1im40zIcMSe9dVKn.2","action":"ProcessGetUpdates", "result":"Done", "context":{"dataType":"Passwords", "deleted":"0", "process_failed_to_decrypt":"0", "process_pending_decryption":"0", "process_success":"4", "total":"4"}}
{"logTime": "0504/132812", "correlationVector":"x+wM1k1im40zIcMSe9dVKn.3","action":"GetUpdates Response", "result":"Success", "context":Received 4 update(s). cV=x+wM1k1im40zIcMSe9dVKn.0;server=akswtt00700002b;cloudType=Consumer;environment=Prod_germanywestcentral_prod-s01-011-eur-germanywestcentral;migrationStage=NotStarted}
{"logTime": "0504/132812", "correlationVector":"ZuTcImclnQ7qDo1aGY0RxN","action":"Normal GetUpdate request", "result":"", "context":cV=ZuTcImclnQ7qDo1aGY0RxN
Nudged types: Sessions, Device Info, History
Refresh requested types: Bookmarks, Preferences, Passwords, Autofill Profiles, Autofill, Extensions, Sessions, Extension settings, History Delete Directives, Device Info, User Consents, Send Tab To Self, Web Apps, History, Saved Tab Group, Collection, Edge E Drop, Edge Hub App Usage, Edge Tab Group, Edge Wallet, Encryption Keys}
{"logTime": "0504/132812", "correlationVector":"ZuTcImclnQ7qDo1aGY0RxN.1","action":"SyncServerConnectionManagerRequest", "result":"SYNC_SERVER_OK", "context":{"environment":"Prod_germanywestcentral_prod-s01-011-eur-germanywestcentral", "migrationStage":"NotStarted", "server":"akswtt00700001l"}}
{"logTime": "0504/132812", "correlationVector":"ZuTcImclnQ7qDo1aGY0RxN.2","action":"ProcessGetUpdates", "result":"Done", "context":{"dataType":"Preferences", "deleted":"0", "process_failed_to_decrypt":"0", "process_pending_decryption":"0", "process_success":"1", "total":"1"}}
{"logTime": "0504/132812", "correlationVector":"ZuTcImclnQ7qDo1aGY0RxN.3","action":"ProcessGetUpdates", "result":"Done", "context":{"dataType":"Sessions", "deleted":"1", "process_failed_to_decrypt":"0", "process_pending_decryption":"0", "process_success":"3", "total":"3"}}
{"logTime": "0504/132812", "correlationVector":"ZuTcImclnQ7qDo1aGY0RxN.4","action":"ProcessGetUpdates", "result":"Done", "context":{"dataType":"Device Info", "deleted":"0", "process_failed_to_decrypt":"0", "process_pending_decryption":"0", "process_success":"1", "total":"1"}}
{"logTime": "0504/132812", "correlationVector":"ZuTcImclnQ7qDo1aGY0RxN.5","action":"ProcessGetUpdates", "result":"Done", "context":{"dataType":"History", "deleted":"0", "process_failed_to_decrypt":"0", "process_pending_decryption":"0", "process_success":"56", "total":"56"}}
{"logTime": "0504/132812", "correlationVector":"ZuTcImclnQ7qDo1aGY0RxN.6","action":"GetUpdates Response", "result":"Success", "context":Received 61 update(s). cV=ZuTcImclnQ7qDo1aGY0RxN.0;server=akswtt00700001l;cloudType=Consumer;environment=Prod_germanywestcentral_prod-s01-011-eur-germanywestcentral;migrationStage=NotStarted}
{"logTime": "0504/132813", "correlationVector":"0S5XNjXSjUnK11S57kMOq7","action":"Commit Request", "result":"", "context":Item count: 17
Contributing types: Sessions, Device Info, History}
{"logTime": "0504/132813", "correlationVector":"0S5XNjXSjUnK11S57kMOq7.1","action":"SyncServerConnectionManagerRequest", "result":"SYNC_SERVER_OK", "context":{"environment":"Prod_germanywestcentral_prod-s01-011-eur-germanywestcentral", "migrationStage":"NotStarted", "server":"akswtt00700001l"}}
{"logTime": "0504/132813", "correlationVector":"0S5XNjXSjUnK11S57kMOq7.2","action":"Commit Response", "result":"Success", "context":Result: Success. cV=0S5XNjXSjUnK11S57kMOq7.0;server=akswtt00700001l;cloudType=Consumer;environment=Prod_germanywestcentral_prod-s01-011-eur-germanywestcentral;migrationStage=NotStarted}
{"logTime": "0504/132813", "correlationVector":"0S5XNjXSjUnK11S57kMOq7.3","action":"Commit.Sessions", "result":"Success", "context":{"id":"4a44a705-4c1d-4dc9-978a-fd84c2790920", "isDeleted":"true", "size":"0", "version":"1746363113517"}}
{"logTime": "0504/132813", "correlationVector":"7djmwHS9tcD9ikMSFeGNRE","action":"Commit Request", "result":"", "context":Item count: 4
Contributing types: Preferences, Passwords}
{"logTime": "0504/132814", "correlationVector":"7djmwHS9tcD9ikMSFeGNRE.1","action":"SyncServerConnectionManagerRequest", "result":"SYNC_SERVER_OK", "context":{"environment":"Prod_germanywestcentral_prod-s01-011-eur-germanywestcentral", "migrationStage":"NotStarted", "server":"akswtt007000025"}}
{"logTime": "0504/132814", "correlationVector":"7djmwHS9tcD9ikMSFeGNRE.2","action":"Commit Response", "result":"Success", "context":Result: Success. cV=7djmwHS9tcD9ikMSFeGNRE.0;server=akswtt007000025;cloudType=Consumer;environment=Prod_germanywestcentral_prod-s01-011-eur-germanywestcentral;migrationStage=NotStarted}
{"logTime": "0504/132915", "correlationVector":"nUUl5+0RxnIlriiUtILBj/","action":"Commit Request", "result":"", "context":Item count: 2
Contributing types: Sessions, History}
{"logTime": "0504/132915", "correlationVector":"nUUl5+0RxnIlriiUtILBj/.1","action":"SyncServerConnectionManagerRequest", "result":"SYNC_SERVER_OK", "context":{"environment":"Prod_germanywestcentral_prod-s01-011-eur-germanywestcentral", "migrationStage":"NotStarted", "server":"akswtt00700002d"}}
{"logTime": "0504/132915", "correlationVector":"nUUl5+0RxnIlriiUtILBj/.2","action":"Commit Response", "result":"Success", "context":Result: Success. cV=nUUl5+0RxnIlriiUtILBj/.0;server=akswtt00700002d;cloudType=Consumer;environment=Prod_germanywestcentral_prod-s01-011-eur-germanywestcentral;migrationStage=NotStarted}
{"logTime": "0504/155425", "correlationVector":"uNYXVCRt03utvBoNs6Ncus.1","action":"SyncServerConnectionManagerRequest", "result":"SYNC_SERVER_OK", "context":{"environment":"Prod_germanywestcentral_prod-s01-011-eur-germanywestcentral", "migrationStage":"NotStarted", "server":"akswtt00700001h"}}
{"logTime": "0504/155425", "correlationVector":"uNYXVCRt03utvBoNs6Ncus.2","action":"ProcessGetUpdates", "result":"Done", "context":{"dataType":"Encryption Keys", "deleted":"0", "process_failed_to_decrypt":"0", "process_pending_decryption":"0", "process_success":"1", "total":"1"}}
{"logTime": "0504/155426", "correlationVector":"tdvIbNFiPJTw5USTqkOTJ2","action":"SyncServerConnectionManagerRequest", "result":"SYNC_SERVER_OK", "context":{"environment":"", "migrationStage":"", "server":""}}
{"logTime": "0504/155426", "correlationVector":"tdvIbNFiPJTw5USTqkOTJ2.0","action":"EncryptionKeysFetcher.DownloadKeys:", "result":"Success", "context":Key count: 6, Last key timestamp: 2025-03-18T10:45:38Z}
{"logTime": "0504/155426", "correlationVector":"tdvIbNFiPJTw5USTqkOTJ2.1","action":"EncryptionKeysManager::SetEncryptionKeys:", "result":"Success", "context":Key names[6]:[MfBSp8awYIaYsG6e2rrI9sUCAZSsE4atBgxq9HBrYOqM6cDs1Gilj81fKv2g+c/ff2YIKRHcLHARNir2fLBBYA==][ch7fl6THU0TgbU/2yKkPed7qZIsGdOCM0AYisKO8ohO6XVsNZmruZIvCtAP+NWWD6aT9kQfocOz7bQ3lOm+r2g==][limXjDRLr6fEF2jl9Mt6pdNfxdhh6TAW5ONcCQpGb7Ko5EYQD7Ysjtsgk82p8DaSook2wc9g1JwFIRDaa5VSig==][WjVjicWFSVf3pkq0Bcxz9qTe9PEArwZljs0na5y3QybdFjLUEEQztiJ58NLMuMVA99TzG1datT/u9EVOA+Hlng==][NQa7l500CEELgUpepAuo0cO6ByJMgicwhVage2c8xg9fcGtkJX7fMCYXOsCfvg7AhJM5FXN9j413KJTpxjUivg==][thGiU1seuWQKCRN0cVhXIumw4pYohPWJ6+g/YcqvWkfad9HAS+XWAoTohsMwBQxf50y1W55WJJv4cRwJHkoZlw==]}
{"logTime": "0504/155426", "correlationVector":"tdvIbNFiPJTw5USTqkOTJ2.2","action":"EncryptionKeysManager::SetEncryptionKeysWithTimestamps:", "result":"Success", "context":Key timestamps[6]:[2022-09-05T14:13:39Z][2022-10-17T11:14:57Z][2023-04-16T11:20:48Z][2024-01-03T18:16:31Z][2024-09-18T16:35:10Z][2025-03-18T10:45:38Z]}
{"logTime": "0504/155426", "correlationVector":"uNYXVCRt03utvBoNs6Ncus","action":"Initial GetUpdates", "result":"", "context":Reason: NEW_CLIENT. cV=uNYXVCRt03utvBoNs6Ncus}
{"logTime": "0504/155426", "correlationVector":"uNYXVCRt03utvBoNs6Ncus.3","action":"GetUpdates Response", "result":"Success", "context":Received 1 update(s). cV=uNYXVCRt03utvBoNs6Ncus.0;server=akswtt00700001h;cloudType=Consumer;environment=Prod_germanywestcentral_prod-s01-011-eur-germanywestcentral;migrationStage=NotStarted}
{"logTime": "0504/155426", "correlationVector":"rC9DylC8B48QwTcYOMjZHg","action":"Initial GetUpdates", "result":"", "context":Reason: NEWLY_SUPPORTED_DATATYPE. cV=rC9DylC8B48QwTcYOMjZHg}
{"logTime": "0504/155426", "correlationVector":"rC9DylC8B48QwTcYOMjZHg.1","action":"SyncServerConnectionManagerRequest", "result":"SYNC_SERVER_OK", "context":{"environment":"Prod_germanywestcentral_prod-s01-011-eur-germanywestcentral", "migrationStage":"NotStarted", "server":"akswtt00700000z"}}
{"logTime": "0504/155426", "correlationVector":"rC9DylC8B48QwTcYOMjZHg.2","action":"ProcessGetUpdates", "result":"Done", "context":{"dataType":"Passwords", "deleted":"0", "process_failed_to_decrypt":"0", "process_pending_decryption":"0", "process_success":"4", "total":"4"}}
{"logTime": "0504/155426", "correlationVector":"rC9DylC8B48QwTcYOMjZHg.3","action":"GetUpdates Response", "result":"Success", "context":Received 4 update(s). cV=rC9DylC8B48QwTcYOMjZHg.0;server=akswtt00700000z;cloudType=Consumer;environment=Prod_germanywestcentral_prod-s01-011-eur-germanywestcentral;migrationStage=NotStarted}
{"logTime": "0504/155426", "correlationVector":"Nh8tNtcyBispiP+ZMtDenN","action":"Normal GetUpdate request", "result":"", "context":cV=Nh8tNtcyBispiP+ZMtDenN
Nudged types: Sessions, Device Info, History
Refresh requested types: Bookmarks, Preferences, Passwords, Autofill Profiles, Autofill, Extensions, Sessions, Extension settings, History Delete Directives, Device Info, User Consents, Send Tab To Self, Web Apps, History, Saved Tab Group, Collection, Edge E Drop, Edge Hub App Usage, Edge Tab Group, Edge Wallet, Encryption Keys}
{"logTime": "0504/155426", "correlationVector":"Nh8tNtcyBispiP+ZMtDenN.1","action":"SyncServerConnectionManagerRequest", "result":"SYNC_SERVER_OK", "context":{"environment":"Prod_germanywestcentral_prod-s01-011-eur-germanywestcentral", "migrationStage":"NotStarted", "server":"akswtt007000005"}}
{"logTime": "0504/155426", "correlationVector":"Nh8tNtcyBispiP+ZMtDenN.2","action":"ProcessGetUpdates", "result":"Done", "context":{"dataType":"Preferences", "deleted":"0", "process_failed_to_decrypt":"0", "process_pending_decryption":"0", "process_success":"1", "total":"1"}}
{"logTime": "0504/155426", "correlationVector":"Nh8tNtcyBispiP+ZMtDenN.3","action":"ProcessGetUpdates", "result":"Done", "context":{"dataType":"Sessions", "deleted":"1", "process_failed_to_decrypt":"0", "process_pending_decryption":"0", "process_success":"3", "total":"3"}}
{"logTime": "0504/155426", "correlationVector":"Nh8tNtcyBispiP+ZMtDenN.4","action":"ProcessGetUpdates", "result":"Done", "context":{"dataType":"Device Info", "deleted":"0", "process_failed_to_decrypt":"0", "process_pending_decryption":"0", "process_success":"1", "total":"1"}}
{"logTime": "0504/155426", "correlationVector":"Nh8tNtcyBispiP+ZMtDenN.5","action":"ProcessGetUpdates", "result":"Done", "context":{"dataType":"History", "deleted":"0", "process_failed_to_decrypt":"0", "process_pending_decryption":"0", "process_success":"14", "total":"14"}}
{"logTime": "0504/155426", "correlationVector":"Nh8tNtcyBispiP+ZMtDenN.6","action":"GetUpdates Response", "result":"Success", "context":Received 19 update(s). cV=Nh8tNtcyBispiP+ZMtDenN.0;server=akswtt007000005;cloudType=Consumer;environment=Prod_germanywestcentral_prod-s01-011-eur-germanywestcentral;migrationStage=NotStarted}
{"logTime": "0504/155426", "correlationVector":"AHE9A0AHU8TRUb+JNzW/zt","action":"Commit Request", "result":"", "context":Item count: 4
Contributing types: Sessions, Device Info, History}
{"logTime": "0504/155427", "correlationVector":"AHE9A0AHU8TRUb+JNzW/zt.1","action":"SyncServerConnectionManagerRequest", "result":"SYNC_SERVER_OK", "context":{"environment":"Prod_germanywestcentral_prod-s01-011-eur-germanywestcentral", "migrationStage":"NotStarted", "server":"akswtt00700001c"}}
{"logTime": "0504/155427", "correlationVector":"AHE9A0AHU8TRUb+JNzW/zt.2","action":"Commit Response", "result":"Success", "context":Result: Success. cV=AHE9A0AHU8TRUb+JNzW/zt.0;server=akswtt00700001c;cloudType=Consumer;environment=Prod_germanywestcentral_prod-s01-011-eur-germanywestcentral;migrationStage=NotStarted}
{"logTime": "0504/155427", "correlationVector":"BMMnDqojE+8tpGGm62yf8e","action":"Poll GetUpdate request", "result":"", "context":cV=BMMnDqojE+8tpGGm62yf8e}
{"logTime": "0504/155427", "correlationVector":"BMMnDqojE+8tpGGm62yf8e.1","action":"SyncServerConnectionManagerRequest", "result":"SYNC_SERVER_OK", "context":{"environment":"Prod_germanywestcentral_prod-s01-011-eur-germanywestcentral", "migrationStage":"NotStarted", "server":"akswtt007000024"}}
{"logTime": "0504/155427", "correlationVector":"BMMnDqojE+8tpGGm62yf8e.2","action":"ProcessGetUpdates", "result":"Done", "context":{"dataType":"Sessions", "deleted":"0", "process_failed_to_decrypt":"0", "process_pending_decryption":"0", "process_success":"2", "total":"2"}}
{"logTime": "0504/155427", "correlationVector":"BMMnDqojE+8tpGGm62yf8e.3","action":"ProcessGetUpdates", "result":"Done", "context":{"dataType":"Device Info", "deleted":"0", "process_failed_to_decrypt":"0", "process_pending_decryption":"0", "process_success":"1", "total":"1"}}
{"logTime": "0504/155427", "correlationVector":"BMMnDqojE+8tpGGm62yf8e.4","action":"ProcessGetUpdates", "result":"Done", "context":{"dataType":"History", "deleted":"0", "process_failed_to_decrypt":"0", "process_pending_decryption":"0", "process_success":"1", "total":"1"}}
{"logTime": "0504/155427", "correlationVector":"BMMnDqojE+8tpGGm62yf8e.5","action":"GetUpdates Response", "result":"Success", "context":Received 4 update(s). cV=BMMnDqojE+8tpGGm62yf8e.0;server=akswtt007000024;cloudType=Consumer;environment=Prod_germanywestcentral_prod-s01-011-eur-germanywestcentral;migrationStage=NotStarted}
{"logTime": "0504/155428", "correlationVector":"YbMfipm9bw6C7pZD09hymd","action":"Commit Request", "result":"", "context":Item count: 4
Contributing types: Preferences, Passwords}
{"logTime": "0504/155428", "correlationVector":"YbMfipm9bw6C7pZD09hymd.1","action":"SyncServerConnectionManagerRequest", "result":"SYNC_SERVER_OK", "context":{"environment":"Prod_germanywestcentral_prod-s01-011-eur-germanywestcentral", "migrationStage":"NotStarted", "server":"akswtt00700000v"}}
{"logTime": "0504/155428", "correlationVector":"YbMfipm9bw6C7pZD09hymd.2","action":"Commit Response", "result":"Success", "context":Result: Success. cV=YbMfipm9bw6C7pZD09hymd.0;server=akswtt00700000v;cloudType=Consumer;environment=Prod_germanywestcentral_prod-s01-011-eur-germanywestcentral;migrationStage=NotStarted}
{"logTime": "0504/155528", "correlationVector":"7XDtiptZCDWH+FU8vCaWJW","action":"Commit Request", "result":"", "context":Item count: 3
Contributing types: Sessions, History}
{"logTime": "0504/155528", "correlationVector":"7XDtiptZCDWH+FU8vCaWJW.1","action":"SyncServerConnectionManagerRequest", "result":"SYNC_SERVER_OK", "context":{"environment":"Prod_germanywestcentral_prod-s01-011-eur-germanywestcentral", "migrationStage":"NotStarted", "server":"akswtt007000017"}}
{"logTime": "0504/155528", "correlationVector":"7XDtiptZCDWH+FU8vCaWJW.2","action":"Commit Response", "result":"Success", "context":Result: Success. cV=7XDtiptZCDWH+FU8vCaWJW.0;server=akswtt007000017;cloudType=Consumer;environment=Prod_germanywestcentral_prod-s01-011-eur-germanywestcentral;migrationStage=NotStarted}
{"logTime": "0504/155655", "correlationVector":"r+H6YTynH6oHWNwK4X7qkZ","action":"Commit Request", "result":"", "context":Item count: 1
Contributing types: Sessions}
{"logTime": "0504/155655", "correlationVector":"r+H6YTynH6oHWNwK4X7qkZ.1","action":"SyncServerConnectionManagerRequest", "result":"SYNC_SERVER_OK", "context":{"environment":"Prod_germanywestcentral_prod-s01-011-eur-germanywestcentral", "migrationStage":"NotStarted", "server":"akswtt00700000z"}}
{"logTime": "0504/155655", "correlationVector":"r+H6YTynH6oHWNwK4X7qkZ.2","action":"Commit Response", "result":"Success", "context":Result: Success. cV=r+H6YTynH6oHWNwK4X7qkZ.0;server=akswtt00700000z;cloudType=Consumer;environment=Prod_germanywestcentral_prod-s01-011-eur-germanywestcentral;migrationStage=NotStarted}
{"logTime": "0504/155846", "correlationVector":"oRy2Vkhg8JIam0wuk/pxvd","action":"Commit Request", "result":"", "context":Item count: 1
Contributing types: Sessions}
{"logTime": "0504/155846", "correlationVector":"oRy2Vkhg8JIam0wuk/pxvd.1","action":"SyncServerConnectionManagerRequest", "result":"SYNC_SERVER_OK", "context":{"environment":"Prod_germanywestcentral_prod-s01-011-eur-germanywestcentral", "migrationStage":"NotStarted", "server":"akswtt007000005"}}
{"logTime": "0504/155846", "correlationVector":"oRy2Vkhg8JIam0wuk/pxvd.2","action":"Commit Response", "result":"Success", "context":Result: Success. cV=oRy2Vkhg8JIam0wuk/pxvd.0;server=akswtt007000005;cloudType=Consumer;environment=Prod_germanywestcentral_prod-s01-011-eur-germanywestcentral;migrationStage=NotStarted}
{"logTime": "0504/160007", "correlationVector":"w1VHQYOJIqJi6RJxsFr+06","action":"Commit Request", "result":"", "context":Item count: 4
Contributing types: Sessions, History}
{"logTime": "0504/160008", "correlationVector":"w1VHQYOJIqJi6RJxsFr+06.1","action":"SyncServerConnectionManagerRequest", "result":"SYNC_SERVER_OK", "context":{"environment":"Prod_germanywestcentral_prod-s01-011-eur-germanywestcentral", "migrationStage":"NotStarted", "server":"akswtt00700001h"}}
{"logTime": "0504/160008", "correlationVector":"w1VHQYOJIqJi6RJxsFr+06.2","action":"Commit Response", "result":"Success", "context":Result: Success. cV=w1VHQYOJIqJi6RJxsFr+06.0;server=akswtt00700001h;cloudType=Consumer;environment=Prod_germanywestcentral_prod-s01-011-eur-germanywestcentral;migrationStage=NotStarted}
